2025-04-28T00:59:17.363+03:00  INFO 28164 --- [Bank] [main] com.bank.BankApplication                 : Starting BankApplication using Java 23.0.2 with PID 28164 (D:\Coding\Java\Bank\target\classes started by SAFA in D:\Coding\Java\Bank)
2025-04-28T00:59:17.365+03:00 DEBUG 28164 --- [Bank] [main] com.bank.BankApplication                 : Running with Spring Boot v3.4.2, Spring v6.2.2
2025-04-28T00:59:17.366+03:00  INFO 28164 --- [Bank] [main] com.bank.BankApplication                 : No active profile set, falling back to 1 default profile: "default"
2025-04-28T00:59:18.048+03:00  INFO 28164 --- [Bank] [main] .s.d.r.c.RepositoryConfigurationDelegate : Bootstrapping Spring Data JPA repositories in DEFAULT mode.
2025-04-28T00:59:18.100+03:00  INFO 28164 --- [Bank] [main] .s.d.r.c.RepositoryConfigurationDelegate : Finished Spring Data repository scanning in 45 ms. Found 4 JPA repository interfaces.
2025-04-28T00:59:18.621+03:00  INFO 28164 --- [Bank] [main] o.s.b.w.embedded.tomcat.TomcatWebServer  : Tomcat initialized with port 8080 (http)
2025-04-28T00:59:18.632+03:00  INFO 28164 --- [Bank] [main] o.apache.catalina.core.StandardService   : Starting service [Tomcat]
2025-04-28T00:59:18.633+03:00  INFO 28164 --- [Bank] [main] o.apache.catalina.core.StandardEngine    : Starting Servlet engine: [Apache Tomcat/10.1.34]
2025-04-28T00:59:18.676+03:00  INFO 28164 --- [Bank] [main] o.a.c.c.C.[Tomcat].[localhost].[/]       : Initializing Spring embedded WebApplicationContext
2025-04-28T00:59:18.676+03:00  INFO 28164 --- [Bank] [main] w.s.c.ServletWebServerApplicationContext : Root WebApplicationContext: initialization completed in 1256 ms
2025-04-28T00:59:18.812+03:00  INFO 28164 --- [Bank] [main] o.hibernate.jpa.internal.util.LogHelper  : HHH000204: Processing PersistenceUnitInfo [name: default]
2025-04-28T00:59:18.889+03:00  INFO 28164 --- [Bank] [main] org.hibernate.Version                    : HHH000412: Hibernate ORM core version 6.6.5.Final
2025-04-28T00:59:18.936+03:00  INFO 28164 --- [Bank] [main] o.h.c.internal.RegionFactoryInitiator    : HHH000026: Second-level cache disabled
2025-04-28T00:59:19.174+03:00  INFO 28164 --- [Bank] [main] o.s.o.j.p.SpringPersistenceUnitInfo      : No LoadTimeWeaver setup: ignoring JPA class transformer
2025-04-28T00:59:19.199+03:00  INFO 28164 --- [Bank] [main] com.zaxxer.hikari.HikariDataSource       : HikariPool-1 - Starting...
2025-04-28T00:59:19.382+03:00  INFO 28164 --- [Bank] [main] com.zaxxer.hikari.pool.HikariPool        : HikariPool-1 - Added connection org.postgresql.jdbc.PgConnection@299fc582
2025-04-28T00:59:19.383+03:00  INFO 28164 --- [Bank] [main] com.zaxxer.hikari.HikariDataSource       : HikariPool-1 - Start completed.
2025-04-28T00:59:19.438+03:00  WARN 28164 --- [Bank] [main] org.hibernate.orm.deprecation            : HHH90000025: PostgreSQLDialect does not need to be specified explicitly using 'hibernate.dialect' (remove the property setting and it will be selected by default)
2025-04-28T00:59:19.454+03:00  INFO 28164 --- [Bank] [main] org.hibernate.orm.connections.pooling    : HHH10001005: Database info:
2025-04-28T00:59:20.236+03:00  INFO 28164 --- [Bank] [main] o.h.e.t.j.p.i.JtaPlatformInitiator       : HHH000489: No JTA platform available (set 'hibernate.transaction.jta.platform' to enable JTA platform integration)
2025-04-28T00:59:20.509+03:00  INFO 28164 --- [Bank] [main] j.LocalContainerEntityManagerFactoryBean : Initialized JPA EntityManagerFactory for persistence unit 'default'
2025-04-28T00:59:20.818+03:00  INFO 28164 --- [Bank] [main] o.s.d.j.r.query.QueryEnhancerFactory     : Hibernate is in classpath; If applicable, HQL parser will be used.
2025-04-28T00:59:21.437+03:00  WARN 28164 --- [Bank] [main] JpaBaseConfiguration$JpaWebConfiguration : spring.jpa.open-in-view is enabled by default. Therefore, database queries may be performed during view rendering. Explicitly configure spring.jpa.open-in-view to disable this warning
2025-04-28T00:59:21.478+03:00  INFO 28164 --- [Bank] [main] o.s.v.b.OptionalValidatorFactoryBean     : Failed to set up a Bean Validation provider: jakarta.validation.NoProviderFoundException: Unable to create a Configuration, because no Jakarta Bean Validation provider could be found. Add a provider like Hibernate Validator (RI) to your classpath.
2025-04-28T00:59:21.915+03:00  INFO 28164 --- [Bank] [main] o.s.b.w.embedded.tomcat.TomcatWebServer  : Tomcat started on port 8080 (http) with context path '/'
2025-04-28T00:59:21.920+03:00  INFO 28164 --- [Bank] [main] com.bank.BankApplication                 : Started BankApplication in 5.009 seconds (process running for 6.17)
2025-04-28T01:01:30.046+03:00  INFO 28164 --- [Bank] [http-nio-8080-exec-2] o.apache.coyote.http11.Http11Processor   : Error parsing HTTP request header
2025-04-28T01:28:46.454+03:00  INFO 28164 --- [Bank] [SpringApplicationShutdownHook] o.s.b.w.e.tomcat.GracefulShutdown        : Commencing graceful shutdown. Waiting for active requests to complete
2025-04-28T01:28:46.459+03:00  INFO 28164 --- [Bank] [tomcat-shutdown] o.s.b.w.e.tomcat.GracefulShutdown        : Graceful shutdown complete
2025-04-28T01:28:46.464+03:00  INFO 28164 --- [Bank] [SpringApplicationShutdownHook] j.LocalContainerEntityManagerFactoryBean : Closing JPA EntityManagerFactory for persistence unit 'default'
2025-04-28T01:28:46.467+03:00  INFO 28164 --- [Bank] [SpringApplicationShutdownHook] com.zaxxer.hikari.HikariDataSource       : HikariPool-1 - Shutdown initiated...
2025-04-28T01:28:46.470+03:00  INFO 28164 --- [Bank] [SpringApplicationShutdownHook] com.zaxxer.hikari.HikariDataSource       : HikariPool-1 - Shutdown completed.
2025-04-28T01:28:48.312+03:00  INFO 12624 --- [Bank] [main] com.bank.BankApplication                 : Starting BankApplication using Java 23.0.2 with PID 12624 (D:\Coding\Java\Bank\target\classes started by SAFA in D:\Coding\Java\Bank)
2025-04-28T01:28:48.313+03:00 DEBUG 12624 --- [Bank] [main] com.bank.BankApplication                 : Running with Spring Boot v3.4.2, Spring v6.2.2
2025-04-28T01:28:48.313+03:00  INFO 12624 --- [Bank] [main] com.bank.BankApplication                 : No active profile set, falling back to 1 default profile: "default"
2025-04-28T01:28:48.803+03:00  INFO 12624 --- [Bank] [main] .s.d.r.c.RepositoryConfigurationDelegate : Bootstrapping Spring Data JPA repositories in DEFAULT mode.
2025-04-28T01:28:48.844+03:00  INFO 12624 --- [Bank] [main] .s.d.r.c.RepositoryConfigurationDelegate : Finished Spring Data repository scanning in 35 ms. Found 4 JPA repository interfaces.
2025-04-28T01:28:49.249+03:00  INFO 12624 --- [Bank] [main] o.s.b.w.embedded.tomcat.TomcatWebServer  : Tomcat initialized with port 8080 (http)
2025-04-28T01:28:49.259+03:00  INFO 12624 --- [Bank] [main] o.apache.catalina.core.StandardService   : Starting service [Tomcat]
2025-04-28T01:28:49.259+03:00  INFO 12624 --- [Bank] [main] o.apache.catalina.core.StandardEngine    : Starting Servlet engine: [Apache Tomcat/10.1.34]
2025-04-28T01:28:49.298+03:00  INFO 12624 --- [Bank] [main] o.a.c.c.C.[Tomcat].[localhost].[/]       : Initializing Spring embedded WebApplicationContext
2025-04-28T01:28:49.299+03:00  INFO 12624 --- [Bank] [main] w.s.c.ServletWebServerApplicationContext : Root WebApplicationContext: initialization completed in 946 ms
2025-04-28T01:28:49.413+03:00  INFO 12624 --- [Bank] [main] o.hibernate.jpa.internal.util.LogHelper  : HHH000204: Processing PersistenceUnitInfo [name: default]
2025-04-28T01:28:49.444+03:00  INFO 12624 --- [Bank] [main] org.hibernate.Version                    : HHH000412: Hibernate ORM core version 6.6.5.Final
2025-04-28T01:28:49.465+03:00  INFO 12624 --- [Bank] [main] o.h.c.internal.RegionFactoryInitiator    : HHH000026: Second-level cache disabled
2025-04-28T01:28:49.625+03:00  INFO 12624 --- [Bank] [main] o.s.o.j.p.SpringPersistenceUnitInfo      : No LoadTimeWeaver setup: ignoring JPA class transformer
2025-04-28T01:28:49.642+03:00  INFO 12624 --- [Bank] [main] com.zaxxer.hikari.HikariDataSource       : HikariPool-1 - Starting...
2025-04-28T01:28:49.851+03:00  INFO 12624 --- [Bank] [main] com.zaxxer.hikari.pool.HikariPool        : HikariPool-1 - Added connection org.postgresql.jdbc.PgConnection@54234569
2025-04-28T01:28:49.853+03:00  INFO 12624 --- [Bank] [main] com.zaxxer.hikari.HikariDataSource       : HikariPool-1 - Start completed.
2025-04-28T01:28:49.875+03:00  WARN 12624 --- [Bank] [main] org.hibernate.orm.deprecation            : HHH90000025: PostgreSQLDialect does not need to be specified explicitly using 'hibernate.dialect' (remove the property setting and it will be selected by default)
2025-04-28T01:28:49.887+03:00  INFO 12624 --- [Bank] [main] org.hibernate.orm.connections.pooling    : HHH10001005: Database info:
2025-04-28T01:28:50.482+03:00  INFO 12624 --- [Bank] [main] o.h.e.t.j.p.i.JtaPlatformInitiator       : HHH000489: No JTA platform available (set 'hibernate.transaction.jta.platform' to enable JTA platform integration)
2025-04-28T01:28:50.677+03:00  INFO 12624 --- [Bank] [main] j.LocalContainerEntityManagerFactoryBean : Initialized JPA EntityManagerFactory for persistence unit 'default'
2025-04-28T01:28:50.865+03:00  INFO 12624 --- [Bank] [main] o.s.d.j.r.query.QueryEnhancerFactory     : Hibernate is in classpath; If applicable, HQL parser will be used.
2025-04-28T01:28:51.343+03:00  WARN 12624 --- [Bank] [main] JpaBaseConfiguration$JpaWebConfiguration : spring.jpa.open-in-view is enabled by default. Therefore, database queries may be performed during view rendering. Explicitly configure spring.jpa.open-in-view to disable this warning
2025-04-28T01:28:51.377+03:00  INFO 12624 --- [Bank] [main] o.s.v.b.OptionalValidatorFactoryBean     : Failed to set up a Bean Validation provider: jakarta.validation.NoProviderFoundException: Unable to create a Configuration, because no Jakarta Bean Validation provider could be found. Add a provider like Hibernate Validator (RI) to your classpath.
2025-04-28T01:28:51.719+03:00  INFO 12624 --- [Bank] [main] o.s.b.w.embedded.tomcat.TomcatWebServer  : Tomcat started on port 8080 (http) with context path '/'
2025-04-28T01:28:51.723+03:00  INFO 12624 --- [Bank] [main] com.bank.BankApplication                 : Started BankApplication in 3.695 seconds (process running for 4.128)
2025-04-28T01:28:58.033+03:00  INFO 12624 --- [Bank] [http-nio-8080-exec-1] o.a.c.c.C.[Tomcat].[localhost].[/]       : Initializing Spring DispatcherServlet 'dispatcherServlet'
2025-04-28T01:28:58.034+03:00  INFO 12624 --- [Bank] [http-nio-8080-exec-1] o.s.web.servlet.DispatcherServlet        : Initializing Servlet 'dispatcherServlet'
2025-04-28T01:28:58.034+03:00  INFO 12624 --- [Bank] [http-nio-8080-exec-1] o.s.web.servlet.DispatcherServlet        : Completed initialization in 0 ms
2025-04-28T01:28:58.992+03:00  INFO 12624 --- [Bank] [http-nio-8080-exec-6] o.springdoc.api.AbstractOpenApiResource  : Init duration for springdoc-openapi is: 647 ms
2025-04-28T01:29:25.631+03:00  INFO 12624 --- [Bank] [http-nio-8080-exec-10] com.bank.aspect.LoggingAspect            : Executing method: LogController.viewLogFile(..)
2025-04-28T01:29:25.638+03:00  INFO 12624 --- [Bank] [http-nio-8080-exec-10] com.bank.aspect.LoggingAspect            : Method LogController.viewLogFile(..) executed successfully. Result: <200 OK OK,2025-04-28T00:59:17.363+03:00  INFO 28164 --- [Bank] [main] com.bank.BankApplication                 : Starting BankApplication using Java 23.0.2 with PID 28164 (D:\Coding\Java\Bank\target\classes started by SAFA in D:\Coding\Java\Bank)
2025-04-28T00:59:17.365+03:00 DEBUG 28164 --- [Bank] [main] com.bank.BankApplication                 : Running with Spring Boot v3.4.2, Spring v6.2.2
2025-04-28T00:59:17.366+03:00  INFO 28164 --- [Bank] [main] com.bank.BankApplication                 : No active profile set, falling back to 1 default profile: "default"
2025-04-28T00:59:18.048+03:00  INFO 28164 --- [Bank] [main] .s.d.r.c.RepositoryConfigurationDelegate : Bootstrapping Spring Data JPA repositories in DEFAULT mode.
2025-04-28T00:59:18.100+03:00  INFO 28164 --- [Bank] [main] .s.d.r.c.RepositoryConfigurationDelegate : Finished Spring Data repository scanning in 45 ms. Found 4 JPA repository interfaces.
2025-04-28T00:59:18.621+03:00  INFO 28164 --- [Bank] [main] o.s.b.w.embedded.tomcat.TomcatWebServer  : Tomcat initialized with port 8080 (http)
2025-04-28T00:59:18.632+03:00  INFO 28164 --- [Bank] [main] o.apache.catalina.core.StandardService   : Starting service [Tomcat]
2025-04-28T00:59:18.633+03:00  INFO 28164 --- [Bank] [main] o.apache.catalina.core.StandardEngine    : Starting Servlet engine: [Apache Tomcat/10.1.34]
2025-04-28T00:59:18.676+03:00  INFO 28164 --- [Bank] [main] o.a.c.c.C.[Tomcat].[localhost].[/]       : Initializing Spring embedded WebApplicationContext
2025-04-28T00:59:18.676+03:00  INFO 28164 --- [Bank] [main] w.s.c.ServletWebServerApplicationContext : Root WebApplicationContext: initialization completed in 1256 ms
2025-04-28T00:59:18.812+03:00  INFO 28164 --- [Bank] [main] o.hibernate.jpa.internal.util.LogHelper  : HHH000204: Processing PersistenceUnitInfo [name: default]
2025-04-28T00:59:18.889+03:00  INFO 28164 --- [Bank] [main] org.hibernate.Version                    : HHH000412: Hibernate ORM core version 6.6.5.Final
2025-04-28T00:59:18.936+03:00  INFO 28164 --- [Bank] [main] o.h.c.internal.RegionFactoryInitiator    : HHH000026: Second-level cache disabled
2025-04-28T00:59:19.174+03:00  INFO 28164 --- [Bank] [main] o.s.o.j.p.SpringPersistenceUnitInfo      : No LoadTimeWeaver setup: ignoring JPA class transformer
2025-04-28T00:59:19.199+03:00  INFO 28164 --- [Bank] [main] com.zaxxer.hikari.HikariDataSource       : HikariPool-1 - Starting...
2025-04-28T00:59:19.382+03:00  INFO 28164 --- [Bank] [main] com.zaxxer.hikari.pool.HikariPool        : HikariPool-1 - Added connection org.postgresql.jdbc.PgConnection@299fc582
2025-04-28T00:59:19.383+03:00  INFO 28164 --- [Bank] [main] com.zaxxer.hikari.HikariDataSource       : HikariPool-1 - Start completed.
2025-04-28T00:59:19.438+03:00  WARN 28164 --- [Bank] [main] org.hibernate.orm.deprecation            : HHH90000025: PostgreSQLDialect does not need to be specified explicitly using 'hibernate.dialect' (remove the property setting and it will be selected by default)
2025-04-28T00:59:19.454+03:00  INFO 28164 --- [Bank] [main] org.hibernate.orm.connections.pooling    : HHH10001005: Database info:
2025-04-28T00:59:20.236+03:00  INFO 28164 --- [Bank] [main] o.h.e.t.j.p.i.JtaPlatformInitiator       : HHH000489: No JTA platform available (set 'hibernate.transaction.jta.platform' to enable JTA platform integration)
2025-04-28T00:59:20.509+03:00  INFO 28164 --- [Bank] [main] j.LocalContainerEntityManagerFactoryBean : Initialized JPA EntityManagerFactory for persistence unit 'default'
2025-04-28T00:59:20.818+03:00  INFO 28164 --- [Bank] [main] o.s.d.j.r.query.QueryEnhancerFactory     : Hibernate is in classpath; If applicable, HQL parser will be used.
2025-04-28T00:59:21.437+03:00  WARN 28164 --- [Bank] [main] JpaBaseConfiguration$JpaWebConfiguration : spring.jpa.open-in-view is enabled by default. Therefore, database queries may be performed during view rendering. Explicitly configure spring.jpa.open-in-view to disable this warning
2025-04-28T00:59:21.478+03:00  INFO 28164 --- [Bank] [main] o.s.v.b.OptionalValidatorFactoryBean     : Failed to set up a Bean Validation provider: jakarta.validation.NoProviderFoundException: Unable to create a Configuration, because no Jakarta Bean Validation provider could be found. Add a provider like Hibernate Validator (RI) to your classpath.
2025-04-28T00:59:21.915+03:00  INFO 28164 --- [Bank] [main] o.s.b.w.embedded.tomcat.TomcatWebServer  : Tomcat started on port 8080 (http) with context path '/'
2025-04-28T00:59:21.920+03:00  INFO 28164 --- [Bank] [main] com.bank.BankApplication                 : Started BankApplication in 5.009 seconds (process running for 6.17)
2025-04-28T01:01:30.046+03:00  INFO 28164 --- [Bank] [http-nio-8080-exec-2] o.apache.coyote.http11.Http11Processor   : Error parsing HTTP request header
2025-04-28T01:28:46.454+03:00  INFO 28164 --- [Bank] [SpringApplicationShutdownHook] o.s.b.w.e.tomcat.GracefulShutdown        : Commencing graceful shutdown. Waiting for active requests to complete
2025-04-28T01:28:46.459+03:00  INFO 28164 --- [Bank] [tomcat-shutdown] o.s.b.w.e.tomcat.GracefulShutdown        : Graceful shutdown complete
2025-04-28T01:28:46.464+03:00  INFO 28164 --- [Bank] [SpringApplicationShutdownHook] j.LocalContainerEntityManagerFactoryBean : Closing JPA EntityManagerFactory for persistence unit 'default'
2025-04-28T01:28:46.467+03:00  INFO 28164 --- [Bank] [SpringApplicationShutdownHook] com.zaxxer.hikari.HikariDataSource       : HikariPool-1 - Shutdown initiated...
2025-04-28T01:28:46.470+03:00  INFO 28164 --- [Bank] [SpringApplicationShutdownHook] com.zaxxer.hikari.HikariDataSource       : HikariPool-1 - Shutdown completed.
2025-04-28T01:28:48.312+03:00  INFO 12624 --- [Bank] [main] com.bank.BankApplication                 : Starting BankApplication using Java 23.0.2 with PID 12624 (D:\Coding\Java\Bank\target\classes started by SAFA in D:\Coding\Java\Bank)
2025-04-28T01:28:48.313+03:00 DEBUG 12624 --- [Bank] [main] com.bank.BankApplication                 : Running with Spring Boot v3.4.2, Spring v6.2.2
2025-04-28T01:28:48.313+03:00  INFO 12624 --- [Bank] [main] com.bank.BankApplication                 : No active profile set, falling back to 1 default profile: "default"
2025-04-28T01:28:48.803+03:00  INFO 12624 --- [Bank] [main] .s.d.r.c.RepositoryConfigurationDelegate : Bootstrapping Spring Data JPA repositories in DEFAULT mode.
2025-04-28T01:28:48.844+03:00  INFO 12624 --- [Bank] [main] .s.d.r.c.RepositoryConfigurationDelegate : Finished Spring Data repository scanning in 35 ms. Found 4 JPA repository interfaces.
2025-04-28T01:28:49.249+03:00  INFO 12624 --- [Bank] [main] o.s.b.w.embedded.tomcat.TomcatWebServer  : Tomcat initialized with port 8080 (http)
2025-04-28T01:28:49.259+03:00  INFO 12624 --- [Bank] [main] o.apache.catalina.core.StandardService   : Starting service [Tomcat]
2025-04-28T01:28:49.259+03:00  INFO 12624 --- [Bank] [main] o.apache.catalina.core.StandardEngine    : Starting Servlet engine: [Apache Tomcat/10.1.34]
2025-04-28T01:28:49.298+03:00  INFO 12624 --- [Bank] [main] o.a.c.c.C.[Tomcat].[localhost].[/]       : Initializing Spring embedded WebApplicationContext
2025-04-28T01:28:49.299+03:00  INFO 12624 --- [Bank] [main] w.s.c.ServletWebServerApplicationContext : Root WebApplicationContext: initialization completed in 946 ms
2025-04-28T01:28:49.413+03:00  INFO 12624 --- [Bank] [main] o.hibernate.jpa.internal.util.LogHelper  : HHH000204: Processing PersistenceUnitInfo [name: default]
2025-04-28T01:28:49.444+03:00  INFO 12624 --- [Bank] [main] org.hibernate.Version                    : HHH000412: Hibernate ORM core version 6.6.5.Final
2025-04-28T01:28:49.465+03:00  INFO 12624 --- [Bank] [main] o.h.c.internal.RegionFactoryInitiator    : HHH000026: Second-level cache disabled
2025-04-28T01:28:49.625+03:00  INFO 12624 --- [Bank] [main] o.s.o.j.p.SpringPersistenceUnitInfo      : No LoadTimeWeaver setup: ignoring JPA class transformer
2025-04-28T01:28:49.642+03:00  INFO 12624 --- [Bank] [main] com.zaxxer.hikari.HikariDataSource       : HikariPool-1 - Starting...
2025-04-28T01:28:49.851+03:00  INFO 12624 --- [Bank] [main] com.zaxxer.hikari.pool.HikariPool        : HikariPool-1 - Added connection org.postgresql.jdbc.PgConnection@54234569
2025-04-28T01:28:49.853+03:00  INFO 12624 --- [Bank] [main] com.zaxxer.hikari.HikariDataSource       : HikariPool-1 - Start completed.
2025-04-28T01:28:49.875+03:00  WARN 12624 --- [Bank] [main] org.hibernate.orm.deprecation            : HHH90000025: PostgreSQLDialect does not need to be specified explicitly using 'hibernate.dialect' (remove the property setting and it will be selected by default)
2025-04-28T01:28:49.887+03:00  INFO 12624 --- [Bank] [main] org.hibernate.orm.connections.pooling    : HHH10001005: Database info:
2025-04-28T01:28:50.482+03:00  INFO 12624 --- [Bank] [main] o.h.e.t.j.p.i.JtaPlatformInitiator       : HHH000489: No JTA platform available (set 'hibernate.transaction.jta.platform' to enable JTA platform integration)
2025-04-28T01:28:50.677+03:00  INFO 12624 --- [Bank] [main] j.LocalContainerEntityManagerFactoryBean : Initialized JPA EntityManagerFactory for persistence unit 'default'
2025-04-28T01:28:50.865+03:00  INFO 12624 --- [Bank] [main] o.s.d.j.r.query.QueryEnhancerFactory     : Hibernate is in classpath; If applicable, HQL parser will be used.
2025-04-28T01:28:51.343+03:00  WARN 12624 --- [Bank] [main] JpaBaseConfiguration$JpaWebConfiguration : spring.jpa.open-in-view is enabled by default. Therefore, database queries may be performed during view rendering. Explicitly configure spring.jpa.open-in-view to disable this warning
2025-04-28T01:28:51.377+03:00  INFO 12624 --- [Bank] [main] o.s.v.b.OptionalValidatorFactoryBean     : Failed to set up a Bean Validation provider: jakarta.validation.NoProviderFoundException: Unable to create a Configuration, because no Jakarta Bean Validation provider could be found. Add a provider like Hibernate Validator (RI) to your classpath.
2025-04-28T01:28:51.719+03:00  INFO 12624 --- [Bank] [main] o.s.b.w.embedded.tomcat.TomcatWebServer  : Tomcat started on port 8080 (http) with context path '/'
2025-04-28T01:28:51.723+03:00  INFO 12624 --- [Bank] [main] com.bank.BankApplication                 : Started BankApplication in 3.695 seconds (process running for 4.128)
2025-04-28T01:28:58.033+03:00  INFO 12624 --- [Bank] [http-nio-8080-exec-1] o.a.c.c.C.[Tomcat].[localhost].[/]       : Initializing Spring DispatcherServlet 'dispatcherServlet'
2025-04-28T01:28:58.034+03:00  INFO 12624 --- [Bank] [http-nio-8080-exec-1] o.s.web.servlet.DispatcherServlet        : Initializing Servlet 'dispatcherServlet'
2025-04-28T01:28:58.034+03:00  INFO 12624 --- [Bank] [http-nio-8080-exec-1] o.s.web.servlet.DispatcherServlet        : Completed initialization in 0 ms
2025-04-28T01:28:58.992+03:00  INFO 12624 --- [Bank] [http-nio-8080-exec-6] o.springdoc.api.AbstractOpenApiResource  : Init duration for springdoc-openapi is: 647 ms
2025-04-28T01:29:25.631+03:00  INFO 12624 --- [Bank] [http-nio-8080-exec-10] com.bank.aspect.LoggingAspect            : Executing method: LogController.viewLogFile(..),[Content-Type:"text/plain"]>
2025-04-28T01:34:34.951+03:00  INFO 12624 --- [Bank] [SpringApplicationShutdownHook] o.s.b.w.e.tomcat.GracefulShutdown        : Commencing graceful shutdown. Waiting for active requests to complete
2025-04-28T01:34:34.957+03:00  INFO 12624 --- [Bank] [tomcat-shutdown] o.s.b.w.e.tomcat.GracefulShutdown        : Graceful shutdown complete
2025-04-28T01:34:34.959+03:00  INFO 12624 --- [Bank] [SpringApplicationShutdownHook] j.LocalContainerEntityManagerFactoryBean : Closing JPA EntityManagerFactory for persistence unit 'default'
2025-04-28T01:34:34.960+03:00  INFO 12624 --- [Bank] [SpringApplicationShutdownHook] com.zaxxer.hikari.HikariDataSource       : HikariPool-1 - Shutdown initiated...
2025-04-28T01:34:34.963+03:00  INFO 12624 --- [Bank] [SpringApplicationShutdownHook] com.zaxxer.hikari.HikariDataSource       : HikariPool-1 - Shutdown completed.
2025-04-28T01:34:38.167+03:00  INFO 16312 --- [Bank] [main] com.bank.BankApplication                 : Starting BankApplication using Java 23.0.2 with PID 16312 (D:\Coding\Java\Bank\target\classes started by SAFA in D:\Coding\Java\Bank)
2025-04-28T01:34:38.168+03:00 DEBUG 16312 --- [Bank] [main] com.bank.BankApplication                 : Running with Spring Boot v3.4.2, Spring v6.2.2
2025-04-28T01:34:38.170+03:00  INFO 16312 --- [Bank] [main] com.bank.BankApplication                 : No active profile set, falling back to 1 default profile: "default"
2025-04-28T01:34:38.678+03:00  INFO 16312 --- [Bank] [main] .s.d.r.c.RepositoryConfigurationDelegate : Bootstrapping Spring Data JPA repositories in DEFAULT mode.
2025-04-28T01:34:38.717+03:00  INFO 16312 --- [Bank] [main] .s.d.r.c.RepositoryConfigurationDelegate : Finished Spring Data repository scanning in 34 ms. Found 4 JPA repository interfaces.
2025-04-28T01:34:39.136+03:00  INFO 16312 --- [Bank] [main] o.s.b.w.embedded.tomcat.TomcatWebServer  : Tomcat initialized with port 8080 (http)
2025-04-28T01:34:39.146+03:00  INFO 16312 --- [Bank] [main] o.apache.catalina.core.StandardService   : Starting service [Tomcat]
2025-04-28T01:34:39.146+03:00  INFO 16312 --- [Bank] [main] o.apache.catalina.core.StandardEngine    : Starting Servlet engine: [Apache Tomcat/10.1.34]
2025-04-28T01:34:39.179+03:00  INFO 16312 --- [Bank] [main] o.a.c.c.C.[Tomcat].[localhost].[/]       : Initializing Spring embedded WebApplicationContext
2025-04-28T01:34:39.179+03:00  INFO 16312 --- [Bank] [main] w.s.c.ServletWebServerApplicationContext : Root WebApplicationContext: initialization completed in 970 ms
2025-04-28T01:34:39.273+03:00  INFO 16312 --- [Bank] [main] o.hibernate.jpa.internal.util.LogHelper  : HHH000204: Processing PersistenceUnitInfo [name: default]
2025-04-28T01:34:39.306+03:00  INFO 16312 --- [Bank] [main] org.hibernate.Version                    : HHH000412: Hibernate ORM core version 6.6.5.Final
2025-04-28T01:34:39.326+03:00  INFO 16312 --- [Bank] [main] o.h.c.internal.RegionFactoryInitiator    : HHH000026: Second-level cache disabled
2025-04-28T01:34:39.476+03:00  INFO 16312 --- [Bank] [main] o.s.o.j.p.SpringPersistenceUnitInfo      : No LoadTimeWeaver setup: ignoring JPA class transformer
2025-04-28T01:34:39.493+03:00  INFO 16312 --- [Bank] [main] com.zaxxer.hikari.HikariDataSource       : HikariPool-1 - Starting...
2025-04-28T01:34:39.598+03:00  INFO 16312 --- [Bank] [main] com.zaxxer.hikari.pool.HikariPool        : HikariPool-1 - Added connection org.postgresql.jdbc.PgConnection@175f859e
2025-04-28T01:34:39.600+03:00  INFO 16312 --- [Bank] [main] com.zaxxer.hikari.HikariDataSource       : HikariPool-1 - Start completed.
2025-04-28T01:34:39.622+03:00  WARN 16312 --- [Bank] [main] org.hibernate.orm.deprecation            : HHH90000025: PostgreSQLDialect does not need to be specified explicitly using 'hibernate.dialect' (remove the property setting and it will be selected by default)
2025-04-28T01:34:39.635+03:00  INFO 16312 --- [Bank] [main] org.hibernate.orm.connections.pooling    : HHH10001005: Database info:
2025-04-28T01:34:40.233+03:00  INFO 16312 --- [Bank] [main] o.h.e.t.j.p.i.JtaPlatformInitiator       : HHH000489: No JTA platform available (set 'hibernate.transaction.jta.platform' to enable JTA platform integration)
2025-04-28T01:34:40.432+03:00  INFO 16312 --- [Bank] [main] j.LocalContainerEntityManagerFactoryBean : Initialized JPA EntityManagerFactory for persistence unit 'default'
2025-04-28T01:34:40.637+03:00  INFO 16312 --- [Bank] [main] o.s.d.j.r.query.QueryEnhancerFactory     : Hibernate is in classpath; If applicable, HQL parser will be used.
2025-04-28T01:34:41.122+03:00  WARN 16312 --- [Bank] [main] JpaBaseConfiguration$JpaWebConfiguration : spring.jpa.open-in-view is enabled by default. Therefore, database queries may be performed during view rendering. Explicitly configure spring.jpa.open-in-view to disable this warning
2025-04-28T01:34:41.157+03:00  INFO 16312 --- [Bank] [main] o.s.v.b.OptionalValidatorFactoryBean     : Failed to set up a Bean Validation provider: jakarta.validation.NoProviderFoundException: Unable to create a Configuration, because no Jakarta Bean Validation provider could be found. Add a provider like Hibernate Validator (RI) to your classpath.
2025-04-28T01:34:41.502+03:00  INFO 16312 --- [Bank] [main] o.s.b.w.embedded.tomcat.TomcatWebServer  : Tomcat started on port 8080 (http) with context path '/'
2025-04-28T01:34:41.507+03:00  INFO 16312 --- [Bank] [main] com.bank.BankApplication                 : Started BankApplication in 3.648 seconds (process running for 4.047)
2025-04-28T01:34:47.695+03:00  INFO 16312 --- [Bank] [http-nio-8080-exec-1] o.a.c.c.C.[Tomcat].[localhost].[/]       : Initializing Spring DispatcherServlet 'dispatcherServlet'
2025-04-28T01:34:47.695+03:00  INFO 16312 --- [Bank] [http-nio-8080-exec-1] o.s.web.servlet.DispatcherServlet        : Initializing Servlet 'dispatcherServlet'
2025-04-28T01:34:47.696+03:00  INFO 16312 --- [Bank] [http-nio-8080-exec-1] o.s.web.servlet.DispatcherServlet        : Completed initialization in 1 ms
2025-04-28T01:34:48.663+03:00  INFO 16312 --- [Bank] [http-nio-8080-exec-10] o.springdoc.api.AbstractOpenApiResource  : Init duration for springdoc-openapi is: 684 ms
2025-04-28T01:35:05.069+03:00  INFO 16312 --- [Bank] [http-nio-8080-exec-5] com.bank.aspect.LoggingAspect            : Executing method: LogController.generateLogFile(..)