2025-04-17T00:24:01.311+03:00  INFO 29604 --- [Bank] [main] com.bank.BankApplicationTests            : Starting BankApplicationTests using Java 23.0.2 with PID 29604 (started by SAFA in D:\Coding\Java\Bank)
2025-04-17T00:24:01.315+03:00 DEBUG 29604 --- [Bank] [main] com.bank.BankApplicationTests            : Running with Spring Boot v3.4.2, Spring v6.2.2
2025-04-17T00:24:01.316+03:00  INFO 29604 --- [Bank] [main] com.bank.BankApplicationTests            : No active profile set, falling back to 1 default profile: "default"
2025-04-17T00:24:02.355+03:00  INFO 29604 --- [Bank] [main] .s.d.r.c.RepositoryConfigurationDelegate : Bootstrapping Spring Data JPA repositories in DEFAULT mode.
2025-04-17T00:24:02.434+03:00  INFO 29604 --- [Bank] [main] .s.d.r.c.RepositoryConfigurationDelegate : Finished Spring Data repository scanning in 67 ms. Found 4 JPA repository interfaces.
2025-04-17T00:24:03.330+03:00  INFO 29604 --- [Bank] [main] o.hibernate.jpa.internal.util.LogHelper  : HHH000204: Processing PersistenceUnitInfo [name: default]
2025-04-17T00:24:03.427+03:00  INFO 29604 --- [Bank] [main] org.hibernate.Version                    : HHH000412: Hibernate ORM core version 6.6.5.Final
2025-04-17T00:24:03.488+03:00  INFO 29604 --- [Bank] [main] o.h.c.internal.RegionFactoryInitiator    : HHH000026: Second-level cache disabled
2025-04-17T00:24:03.943+03:00  INFO 29604 --- [Bank] [main] o.s.o.j.p.SpringPersistenceUnitInfo      : No LoadTimeWeaver setup: ignoring JPA class transformer
2025-04-17T00:24:03.985+03:00  INFO 29604 --- [Bank] [main] com.zaxxer.hikari.HikariDataSource       : HikariPool-1 - Starting...
2025-04-17T00:24:04.259+03:00  INFO 29604 --- [Bank] [main] com.zaxxer.hikari.pool.HikariPool        : HikariPool-1 - Added connection org.postgresql.jdbc.PgConnection@59a8891e
2025-04-17T00:24:04.263+03:00  INFO 29604 --- [Bank] [main] com.zaxxer.hikari.HikariDataSource       : HikariPool-1 - Start completed.
2025-04-17T00:24:04.332+03:00  WARN 29604 --- [Bank] [main] org.hibernate.orm.deprecation            : HHH90000025: PostgreSQLDialect does not need to be specified explicitly using 'hibernate.dialect' (remove the property setting and it will be selected by default)
2025-04-17T00:24:04.361+03:00  INFO 29604 --- [Bank] [main] org.hibernate.orm.connections.pooling    : HHH10001005: Database info:
	Database JDBC URL [Connecting through datasource 'HikariDataSource (HikariPool-1)']
	Database driver: undefined/unknown
	Database version: 17.4
	Autocommit mode: undefined/unknown
	Isolation level: undefined/unknown
	Minimum pool size: undefined/unknown
	Maximum pool size: undefined/unknown
2025-04-17T00:24:05.623+03:00  INFO 29604 --- [Bank] [main] o.h.e.t.j.p.i.JtaPlatformInitiator       : HHH000489: No JTA platform available (set 'hibernate.transaction.jta.platform' to enable JTA platform integration)
2025-04-17T00:24:05.862+03:00  INFO 29604 --- [Bank] [main] j.LocalContainerEntityManagerFactoryBean : Initialized JPA EntityManagerFactory for persistence unit 'default'
2025-04-17T00:24:06.317+03:00  INFO 29604 --- [Bank] [main] o.s.d.j.r.query.QueryEnhancerFactory     : Hibernate is in classpath; If applicable, HQL parser will be used.
2025-04-17T00:24:07.640+03:00  WARN 29604 --- [Bank] [main] JpaBaseConfiguration$JpaWebConfiguration : spring.jpa.open-in-view is enabled by default. Therefore, database queries may be performed during view rendering. Explicitly configure spring.jpa.open-in-view to disable this warning
2025-04-17T00:24:07.731+03:00  INFO 29604 --- [Bank] [main] o.s.v.b.OptionalValidatorFactoryBean     : Failed to set up a Bean Validation provider: jakarta.validation.NoProviderFoundException: Unable to create a Configuration, because no Jakarta Bean Validation provider could be found. Add a provider like Hibernate Validator (RI) to your classpath.
2025-04-17T00:24:08.507+03:00  INFO 29604 --- [Bank] [main] com.bank.BankApplicationTests            : Started BankApplicationTests in 7.572 seconds (process running for 9.304)
2025-04-17T00:24:09.182+03:00  INFO 29604 --- [Bank] [main] o.s.v.b.OptionalValidatorFactoryBean     : Failed to set up a Bean Validation provider: jakarta.validation.NoProviderFoundException: Unable to create a Configuration, because no Jakarta Bean Validation provider could be found. Add a provider like Hibernate Validator (RI) to your classpath.
2025-04-17T00:24:09.192+03:00  INFO 29604 --- [Bank] [main] o.s.mock.web.MockServletContext          : Initializing Spring TestDispatcherServlet ''
2025-04-17T00:24:09.193+03:00  INFO 29604 --- [Bank] [main] o.s.t.web.servlet.TestDispatcherServlet  : Initializing Servlet ''
2025-04-17T00:24:09.193+03:00  INFO 29604 --- [Bank] [main] o.s.t.web.servlet.TestDispatcherServlet  : Completed initialization in 0 ms
2025-04-17T00:24:09.270+03:00  INFO 29604 --- [Bank] [main] o.s.v.b.OptionalValidatorFactoryBean     : Failed to set up a Bean Validation provider: jakarta.validation.NoProviderFoundException: Unable to create a Configuration, because no Jakarta Bean Validation provider could be found. Add a provider like Hibernate Validator (RI) to your classpath.
2025-04-17T00:24:09.275+03:00  INFO 29604 --- [Bank] [main] o.s.mock.web.MockServletContext          : Initializing Spring TestDispatcherServlet ''
2025-04-17T00:24:09.275+03:00  INFO 29604 --- [Bank] [main] o.s.t.web.servlet.TestDispatcherServlet  : Initializing Servlet ''
2025-04-17T00:24:09.275+03:00  INFO 29604 --- [Bank] [main] o.s.t.web.servlet.TestDispatcherServlet  : Completed initialization in 0 ms
2025-04-17T00:24:09.284+03:00  INFO 29604 --- [Bank] [main] o.s.v.b.OptionalValidatorFactoryBean     : Failed to set up a Bean Validation provider: jakarta.validation.NoProviderFoundException: Unable to create a Configuration, because no Jakarta Bean Validation provider could be found. Add a provider like Hibernate Validator (RI) to your classpath.
2025-04-17T00:24:09.288+03:00  INFO 29604 --- [Bank] [main] o.s.mock.web.MockServletContext          : Initializing Spring TestDispatcherServlet ''
2025-04-17T00:24:09.289+03:00  INFO 29604 --- [Bank] [main] o.s.t.web.servlet.TestDispatcherServlet  : Initializing Servlet ''
2025-04-17T00:24:09.289+03:00  INFO 29604 --- [Bank] [main] o.s.t.web.servlet.TestDispatcherServlet  : Completed initialization in 0 ms
2025-04-17T00:24:09.294+03:00  INFO 29604 --- [Bank] [main] o.s.v.b.OptionalValidatorFactoryBean     : Failed to set up a Bean Validation provider: jakarta.validation.NoProviderFoundException: Unable to create a Configuration, because no Jakarta Bean Validation provider could be found. Add a provider like Hibernate Validator (RI) to your classpath.
2025-04-17T00:24:09.299+03:00  INFO 29604 --- [Bank] [main] o.s.mock.web.MockServletContext          : Initializing Spring TestDispatcherServlet ''
2025-04-17T00:24:09.299+03:00  INFO 29604 --- [Bank] [main] o.s.t.web.servlet.TestDispatcherServlet  : Initializing Servlet ''
2025-04-17T00:24:09.299+03:00  INFO 29604 --- [Bank] [main] o.s.t.web.servlet.TestDispatcherServlet  : Completed initialization in 0 ms
2025-04-17T00:24:09.394+03:00  INFO 29604 --- [Bank] [main] o.s.v.b.OptionalValidatorFactoryBean     : Failed to set up a Bean Validation provider: jakarta.validation.NoProviderFoundException: Unable to create a Configuration, because no Jakarta Bean Validation provider could be found. Add a provider like Hibernate Validator (RI) to your classpath.
2025-04-17T00:24:09.397+03:00  INFO 29604 --- [Bank] [main] o.s.mock.web.MockServletContext          : Initializing Spring TestDispatcherServlet ''
2025-04-17T00:24:09.397+03:00  INFO 29604 --- [Bank] [main] o.s.t.web.servlet.TestDispatcherServlet  : Initializing Servlet ''
2025-04-17T00:24:09.397+03:00  INFO 29604 --- [Bank] [main] o.s.t.web.servlet.TestDispatcherServlet  : Completed initialization in 0 ms
2025-04-17T00:24:09.401+03:00  INFO 29604 --- [Bank] [main] o.s.v.b.OptionalValidatorFactoryBean     : Failed to set up a Bean Validation provider: jakarta.validation.NoProviderFoundException: Unable to create a Configuration, because no Jakarta Bean Validation provider could be found. Add a provider like Hibernate Validator (RI) to your classpath.
2025-04-17T00:24:09.406+03:00  INFO 29604 --- [Bank] [main] o.s.mock.web.MockServletContext          : Initializing Spring TestDispatcherServlet ''
2025-04-17T00:24:09.406+03:00  INFO 29604 --- [Bank] [main] o.s.t.web.servlet.TestDispatcherServlet  : Initializing Servlet ''
2025-04-17T00:24:09.406+03:00  INFO 29604 --- [Bank] [main] o.s.t.web.servlet.TestDispatcherServlet  : Completed initialization in 0 ms
2025-04-17T00:24:09.419+03:00  INFO 29604 --- [Bank] [main] o.s.v.b.OptionalValidatorFactoryBean     : Failed to set up a Bean Validation provider: jakarta.validation.NoProviderFoundException: Unable to create a Configuration, because no Jakarta Bean Validation provider could be found. Add a provider like Hibernate Validator (RI) to your classpath.
2025-04-17T00:24:09.423+03:00  INFO 29604 --- [Bank] [main] o.s.mock.web.MockServletContext          : Initializing Spring TestDispatcherServlet ''
2025-04-17T00:24:09.423+03:00  INFO 29604 --- [Bank] [main] o.s.t.web.servlet.TestDispatcherServlet  : Initializing Servlet ''
2025-04-17T00:24:09.423+03:00  INFO 29604 --- [Bank] [main] o.s.t.web.servlet.TestDispatcherServlet  : Completed initialization in 0 ms
2025-04-17T00:24:09.434+03:00  INFO 29604 --- [Bank] [main] o.s.v.b.OptionalValidatorFactoryBean     : Failed to set up a Bean Validation provider: jakarta.validation.NoProviderFoundException: Unable to create a Configuration, because no Jakarta Bean Validation provider could be found. Add a provider like Hibernate Validator (RI) to your classpath.
2025-04-17T00:24:09.437+03:00  INFO 29604 --- [Bank] [main] o.s.mock.web.MockServletContext          : Initializing Spring TestDispatcherServlet ''
2025-04-17T00:24:09.437+03:00  INFO 29604 --- [Bank] [main] o.s.t.web.servlet.TestDispatcherServlet  : Initializing Servlet ''
2025-04-17T00:24:09.437+03:00  INFO 29604 --- [Bank] [main] o.s.t.web.servlet.TestDispatcherServlet  : Completed initialization in 0 ms
2025-04-17T00:24:09.475+03:00  INFO 29604 --- [Bank] [main] o.s.v.b.OptionalValidatorFactoryBean     : Failed to set up a Bean Validation provider: jakarta.validation.NoProviderFoundException: Unable to create a Configuration, because no Jakarta Bean Validation provider could be found. Add a provider like Hibernate Validator (RI) to your classpath.
2025-04-17T00:24:09.478+03:00  INFO 29604 --- [Bank] [main] o.s.mock.web.MockServletContext          : Initializing Spring TestDispatcherServlet ''
2025-04-17T00:24:09.478+03:00  INFO 29604 --- [Bank] [main] o.s.t.web.servlet.TestDispatcherServlet  : Initializing Servlet ''
2025-04-17T00:24:09.478+03:00  INFO 29604 --- [Bank] [main] o.s.t.web.servlet.TestDispatcherServlet  : Completed initialization in 0 ms
2025-04-17T00:24:09.490+03:00  INFO 29604 --- [Bank] [main] o.s.v.b.OptionalValidatorFactoryBean     : Failed to set up a Bean Validation provider: jakarta.validation.NoProviderFoundException: Unable to create a Configuration, because no Jakarta Bean Validation provider could be found. Add a provider like Hibernate Validator (RI) to your classpath.
2025-04-17T00:24:09.492+03:00  INFO 29604 --- [Bank] [main] o.s.mock.web.MockServletContext          : Initializing Spring TestDispatcherServlet ''
2025-04-17T00:24:09.492+03:00  INFO 29604 --- [Bank] [main] o.s.t.web.servlet.TestDispatcherServlet  : Initializing Servlet ''
2025-04-17T00:24:09.493+03:00  INFO 29604 --- [Bank] [main] o.s.t.web.servlet.TestDispatcherServlet  : Completed initialization in 1 ms
2025-04-17T00:24:09.520+03:00  INFO 29604 --- [Bank] [main] o.s.v.b.OptionalValidatorFactoryBean     : Failed to set up a Bean Validation provider: jakarta.validation.NoProviderFoundException: Unable to create a Configuration, because no Jakarta Bean Validation provider could be found. Add a provider like Hibernate Validator (RI) to your classpath.
2025-04-17T00:24:09.523+03:00  INFO 29604 --- [Bank] [main] o.s.mock.web.MockServletContext          : Initializing Spring TestDispatcherServlet ''
2025-04-17T00:24:09.523+03:00  INFO 29604 --- [Bank] [main] o.s.t.web.servlet.TestDispatcherServlet  : Initializing Servlet ''
2025-04-17T00:24:09.523+03:00  INFO 29604 --- [Bank] [main] o.s.t.web.servlet.TestDispatcherServlet  : Completed initialization in 0 ms
2025-04-17T00:24:09.527+03:00  INFO 29604 --- [Bank] [main] o.s.v.b.OptionalValidatorFactoryBean     : Failed to set up a Bean Validation provider: jakarta.validation.NoProviderFoundException: Unable to create a Configuration, because no Jakarta Bean Validation provider could be found. Add a provider like Hibernate Validator (RI) to your classpath.
2025-04-17T00:24:09.530+03:00  INFO 29604 --- [Bank] [main] o.s.mock.web.MockServletContext          : Initializing Spring TestDispatcherServlet ''
2025-04-17T00:24:09.530+03:00  INFO 29604 --- [Bank] [main] o.s.t.web.servlet.TestDispatcherServlet  : Initializing Servlet ''
2025-04-17T00:24:09.530+03:00  INFO 29604 --- [Bank] [main] o.s.t.web.servlet.TestDispatcherServlet  : Completed initialization in 0 ms
2025-04-17T00:24:10.335+03:00  INFO 29604 --- [Bank] [SpringApplicationShutdownHook] j.LocalContainerEntityManagerFactoryBean : Closing JPA EntityManagerFactory for persistence unit 'default'
2025-04-17T00:24:10.340+03:00  INFO 29604 --- [Bank] [SpringApplicationShutdownHook] com.zaxxer.hikari.HikariDataSource       : HikariPool-1 - Shutdown initiated...
2025-04-17T00:24:10.346+03:00  INFO 29604 --- [Bank] [SpringApplicationShutdownHook] com.zaxxer.hikari.HikariDataSource       : HikariPool-1 - Shutdown completed.
2025-04-17T00:26:42.752+03:00  INFO 39580 --- [Bank] [main] com.bank.BankApplicationTests            : Starting BankApplicationTests using Java 23.0.2 with PID 39580 (started by SAFA in D:\Coding\Java\Bank)
2025-04-17T00:26:42.754+03:00 DEBUG 39580 --- [Bank] [main] com.bank.BankApplicationTests            : Running with Spring Boot v3.4.2, Spring v6.2.2
2025-04-17T00:26:42.755+03:00  INFO 39580 --- [Bank] [main] com.bank.BankApplicationTests            : No active profile set, falling back to 1 default profile: "default"
2025-04-17T00:26:43.770+03:00  INFO 39580 --- [Bank] [main] .s.d.r.c.RepositoryConfigurationDelegate : Bootstrapping Spring Data JPA repositories in DEFAULT mode.
2025-04-17T00:26:43.833+03:00  INFO 39580 --- [Bank] [main] .s.d.r.c.RepositoryConfigurationDelegate : Finished Spring Data repository scanning in 54 ms. Found 4 JPA repository interfaces.
2025-04-17T00:26:44.745+03:00  INFO 39580 --- [Bank] [main] o.hibernate.jpa.internal.util.LogHelper  : HHH000204: Processing PersistenceUnitInfo [name: default]
2025-04-17T00:26:44.821+03:00  INFO 39580 --- [Bank] [main] org.hibernate.Version                    : HHH000412: Hibernate ORM core version 6.6.5.Final
2025-04-17T00:26:44.858+03:00  INFO 39580 --- [Bank] [main] o.h.c.internal.RegionFactoryInitiator    : HHH000026: Second-level cache disabled
2025-04-17T00:26:45.256+03:00  INFO 39580 --- [Bank] [main] o.s.o.j.p.SpringPersistenceUnitInfo      : No LoadTimeWeaver setup: ignoring JPA class transformer
2025-04-17T00:26:45.291+03:00  INFO 39580 --- [Bank] [main] com.zaxxer.hikari.HikariDataSource       : HikariPool-1 - Starting...
2025-04-17T00:26:45.587+03:00  INFO 39580 --- [Bank] [main] com.zaxxer.hikari.pool.HikariPool        : HikariPool-1 - Added connection org.postgresql.jdbc.PgConnection@45e38356
2025-04-17T00:26:45.590+03:00  INFO 39580 --- [Bank] [main] com.zaxxer.hikari.HikariDataSource       : HikariPool-1 - Start completed.
2025-04-17T00:26:45.660+03:00  WARN 39580 --- [Bank] [main] org.hibernate.orm.deprecation            : HHH90000025: PostgreSQLDialect does not need to be specified explicitly using 'hibernate.dialect' (remove the property setting and it will be selected by default)
2025-04-17T00:26:45.703+03:00  INFO 39580 --- [Bank] [main] org.hibernate.orm.connections.pooling    : HHH10001005: Database info:
	Database JDBC URL [Connecting through datasource 'HikariDataSource (HikariPool-1)']
	Database driver: undefined/unknown
	Database version: 17.4
	Autocommit mode: undefined/unknown
	Isolation level: undefined/unknown
	Minimum pool size: undefined/unknown
	Maximum pool size: undefined/unknown
2025-04-17T00:26:47.040+03:00  INFO 39580 --- [Bank] [main] o.h.e.t.j.p.i.JtaPlatformInitiator       : HHH000489: No JTA platform available (set 'hibernate.transaction.jta.platform' to enable JTA platform integration)
2025-04-17T00:26:47.266+03:00  INFO 39580 --- [Bank] [main] j.LocalContainerEntityManagerFactoryBean : Initialized JPA EntityManagerFactory for persistence unit 'default'
2025-04-17T00:26:47.735+03:00  INFO 39580 --- [Bank] [main] o.s.d.j.r.query.QueryEnhancerFactory     : Hibernate is in classpath; If applicable, HQL parser will be used.
2025-04-17T00:26:48.969+03:00  WARN 39580 --- [Bank] [main] JpaBaseConfiguration$JpaWebConfiguration : spring.jpa.open-in-view is enabled by default. Therefore, database queries may be performed during view rendering. Explicitly configure spring.jpa.open-in-view to disable this warning
2025-04-17T00:26:49.062+03:00  INFO 39580 --- [Bank] [main] o.s.v.b.OptionalValidatorFactoryBean     : Failed to set up a Bean Validation provider: jakarta.validation.NoProviderFoundException: Unable to create a Configuration, because no Jakarta Bean Validation provider could be found. Add a provider like Hibernate Validator (RI) to your classpath.
2025-04-17T00:26:49.867+03:00  INFO 39580 --- [Bank] [main] com.bank.BankApplicationTests            : Started BankApplicationTests in 7.488 seconds (process running for 9.281)
2025-04-17T00:26:50.523+03:00  INFO 39580 --- [Bank] [main] o.s.v.b.OptionalValidatorFactoryBean     : Failed to set up a Bean Validation provider: jakarta.validation.NoProviderFoundException: Unable to create a Configuration, because no Jakarta Bean Validation provider could be found. Add a provider like Hibernate Validator (RI) to your classpath.
2025-04-17T00:26:50.539+03:00  INFO 39580 --- [Bank] [main] o.s.mock.web.MockServletContext          : Initializing Spring TestDispatcherServlet ''
2025-04-17T00:26:50.540+03:00  INFO 39580 --- [Bank] [main] o.s.t.web.servlet.TestDispatcherServlet  : Initializing Servlet ''
2025-04-17T00:26:50.540+03:00  INFO 39580 --- [Bank] [main] o.s.t.web.servlet.TestDispatcherServlet  : Completed initialization in 0 ms
2025-04-17T00:26:50.606+03:00  INFO 39580 --- [Bank] [main] o.s.v.b.OptionalValidatorFactoryBean     : Failed to set up a Bean Validation provider: jakarta.validation.NoProviderFoundException: Unable to create a Configuration, because no Jakarta Bean Validation provider could be found. Add a provider like Hibernate Validator (RI) to your classpath.
2025-04-17T00:26:50.611+03:00  INFO 39580 --- [Bank] [main] o.s.mock.web.MockServletContext          : Initializing Spring TestDispatcherServlet ''
2025-04-17T00:26:50.612+03:00  INFO 39580 --- [Bank] [main] o.s.t.web.servlet.TestDispatcherServlet  : Initializing Servlet ''
2025-04-17T00:26:50.612+03:00  INFO 39580 --- [Bank] [main] o.s.t.web.servlet.TestDispatcherServlet  : Completed initialization in 0 ms
2025-04-17T00:26:50.619+03:00  INFO 39580 --- [Bank] [main] o.s.v.b.OptionalValidatorFactoryBean     : Failed to set up a Bean Validation provider: jakarta.validation.NoProviderFoundException: Unable to create a Configuration, because no Jakarta Bean Validation provider could be found. Add a provider like Hibernate Validator (RI) to your classpath.
2025-04-17T00:26:50.623+03:00  INFO 39580 --- [Bank] [main] o.s.mock.web.MockServletContext          : Initializing Spring TestDispatcherServlet ''
2025-04-17T00:26:50.623+03:00  INFO 39580 --- [Bank] [main] o.s.t.web.servlet.TestDispatcherServlet  : Initializing Servlet ''
2025-04-17T00:26:50.624+03:00  INFO 39580 --- [Bank] [main] o.s.t.web.servlet.TestDispatcherServlet  : Completed initialization in 0 ms
2025-04-17T00:26:50.629+03:00  INFO 39580 --- [Bank] [main] o.s.v.b.OptionalValidatorFactoryBean     : Failed to set up a Bean Validation provider: jakarta.validation.NoProviderFoundException: Unable to create a Configuration, because no Jakarta Bean Validation provider could be found. Add a provider like Hibernate Validator (RI) to your classpath.
2025-04-17T00:26:50.634+03:00  INFO 39580 --- [Bank] [main] o.s.mock.web.MockServletContext          : Initializing Spring TestDispatcherServlet ''
2025-04-17T00:26:50.634+03:00  INFO 39580 --- [Bank] [main] o.s.t.web.servlet.TestDispatcherServlet  : Initializing Servlet ''
2025-04-17T00:26:50.634+03:00  INFO 39580 --- [Bank] [main] o.s.t.web.servlet.TestDispatcherServlet  : Completed initialization in 0 ms
2025-04-17T00:26:50.721+03:00  INFO 39580 --- [Bank] [main] o.s.v.b.OptionalValidatorFactoryBean     : Failed to set up a Bean Validation provider: jakarta.validation.NoProviderFoundException: Unable to create a Configuration, because no Jakarta Bean Validation provider could be found. Add a provider like Hibernate Validator (RI) to your classpath.
2025-04-17T00:26:50.725+03:00  INFO 39580 --- [Bank] [main] o.s.mock.web.MockServletContext          : Initializing Spring TestDispatcherServlet ''
2025-04-17T00:26:50.725+03:00  INFO 39580 --- [Bank] [main] o.s.t.web.servlet.TestDispatcherServlet  : Initializing Servlet ''
2025-04-17T00:26:50.726+03:00  INFO 39580 --- [Bank] [main] o.s.t.web.servlet.TestDispatcherServlet  : Completed initialization in 0 ms
2025-04-17T00:26:50.730+03:00  INFO 39580 --- [Bank] [main] o.s.v.b.OptionalValidatorFactoryBean     : Failed to set up a Bean Validation provider: jakarta.validation.NoProviderFoundException: Unable to create a Configuration, because no Jakarta Bean Validation provider could be found. Add a provider like Hibernate Validator (RI) to your classpath.
2025-04-17T00:26:50.734+03:00  INFO 39580 --- [Bank] [main] o.s.mock.web.MockServletContext          : Initializing Spring TestDispatcherServlet ''
2025-04-17T00:26:50.734+03:00  INFO 39580 --- [Bank] [main] o.s.t.web.servlet.TestDispatcherServlet  : Initializing Servlet ''
2025-04-17T00:26:50.735+03:00  INFO 39580 --- [Bank] [main] o.s.t.web.servlet.TestDispatcherServlet  : Completed initialization in 0 ms
2025-04-17T00:26:50.746+03:00  INFO 39580 --- [Bank] [main] o.s.v.b.OptionalValidatorFactoryBean     : Failed to set up a Bean Validation provider: jakarta.validation.NoProviderFoundException: Unable to create a Configuration, because no Jakarta Bean Validation provider could be found. Add a provider like Hibernate Validator (RI) to your classpath.
2025-04-17T00:26:50.749+03:00  INFO 39580 --- [Bank] [main] o.s.mock.web.MockServletContext          : Initializing Spring TestDispatcherServlet ''
2025-04-17T00:26:50.749+03:00  INFO 39580 --- [Bank] [main] o.s.t.web.servlet.TestDispatcherServlet  : Initializing Servlet ''
2025-04-17T00:26:50.749+03:00  INFO 39580 --- [Bank] [main] o.s.t.web.servlet.TestDispatcherServlet  : Completed initialization in 0 ms
2025-04-17T00:26:50.763+03:00  INFO 39580 --- [Bank] [main] o.s.v.b.OptionalValidatorFactoryBean     : Failed to set up a Bean Validation provider: jakarta.validation.NoProviderFoundException: Unable to create a Configuration, because no Jakarta Bean Validation provider could be found. Add a provider like Hibernate Validator (RI) to your classpath.
2025-04-17T00:26:50.767+03:00  INFO 39580 --- [Bank] [main] o.s.mock.web.MockServletContext          : Initializing Spring TestDispatcherServlet ''
2025-04-17T00:26:50.767+03:00  INFO 39580 --- [Bank] [main] o.s.t.web.servlet.TestDispatcherServlet  : Initializing Servlet ''
2025-04-17T00:26:50.767+03:00  INFO 39580 --- [Bank] [main] o.s.t.web.servlet.TestDispatcherServlet  : Completed initialization in 0 ms
2025-04-17T00:26:50.802+03:00  INFO 39580 --- [Bank] [main] o.s.v.b.OptionalValidatorFactoryBean     : Failed to set up a Bean Validation provider: jakarta.validation.NoProviderFoundException: Unable to create a Configuration, because no Jakarta Bean Validation provider could be found. Add a provider like Hibernate Validator (RI) to your classpath.
2025-04-17T00:26:50.807+03:00  INFO 39580 --- [Bank] [main] o.s.mock.web.MockServletContext          : Initializing Spring TestDispatcherServlet ''
2025-04-17T00:26:50.807+03:00  INFO 39580 --- [Bank] [main] o.s.t.web.servlet.TestDispatcherServlet  : Initializing Servlet ''
2025-04-17T00:26:50.807+03:00  INFO 39580 --- [Bank] [main] o.s.t.web.servlet.TestDispatcherServlet  : Completed initialization in 0 ms
2025-04-17T00:26:50.820+03:00  INFO 39580 --- [Bank] [main] o.s.v.b.OptionalValidatorFactoryBean     : Failed to set up a Bean Validation provider: jakarta.validation.NoProviderFoundException: Unable to create a Configuration, because no Jakarta Bean Validation provider could be found. Add a provider like Hibernate Validator (RI) to your classpath.
2025-04-17T00:26:50.823+03:00  INFO 39580 --- [Bank] [main] o.s.mock.web.MockServletContext          : Initializing Spring TestDispatcherServlet ''
2025-04-17T00:26:50.823+03:00  INFO 39580 --- [Bank] [main] o.s.t.web.servlet.TestDispatcherServlet  : Initializing Servlet ''
2025-04-17T00:26:50.823+03:00  INFO 39580 --- [Bank] [main] o.s.t.web.servlet.TestDispatcherServlet  : Completed initialization in 0 ms
2025-04-17T00:26:50.834+03:00  INFO 39580 --- [Bank] [main] o.s.v.b.OptionalValidatorFactoryBean     : Failed to set up a Bean Validation provider: jakarta.validation.NoProviderFoundException: Unable to create a Configuration, because no Jakarta Bean Validation provider could be found. Add a provider like Hibernate Validator (RI) to your classpath.
2025-04-17T00:26:50.838+03:00  INFO 39580 --- [Bank] [main] o.s.mock.web.MockServletContext          : Initializing Spring TestDispatcherServlet ''
2025-04-17T00:26:50.838+03:00  INFO 39580 --- [Bank] [main] o.s.t.web.servlet.TestDispatcherServlet  : Initializing Servlet ''
2025-04-17T00:26:50.838+03:00  INFO 39580 --- [Bank] [main] o.s.t.web.servlet.TestDispatcherServlet  : Completed initialization in 0 ms
2025-04-17T00:26:50.841+03:00  INFO 39580 --- [Bank] [main] o.s.v.b.OptionalValidatorFactoryBean     : Failed to set up a Bean Validation provider: jakarta.validation.NoProviderFoundException: Unable to create a Configuration, because no Jakarta Bean Validation provider could be found. Add a provider like Hibernate Validator (RI) to your classpath.
2025-04-17T00:26:50.843+03:00  INFO 39580 --- [Bank] [main] o.s.mock.web.MockServletContext          : Initializing Spring TestDispatcherServlet ''
2025-04-17T00:26:50.844+03:00  INFO 39580 --- [Bank] [main] o.s.t.web.servlet.TestDispatcherServlet  : Initializing Servlet ''
2025-04-17T00:26:50.844+03:00  INFO 39580 --- [Bank] [main] o.s.t.web.servlet.TestDispatcherServlet  : Completed initialization in 0 ms
2025-04-17T00:26:51.645+03:00  INFO 39580 --- [Bank] [SpringApplicationShutdownHook] j.LocalContainerEntityManagerFactoryBean : Closing JPA EntityManagerFactory for persistence unit 'default'
2025-04-17T00:26:51.651+03:00  INFO 39580 --- [Bank] [SpringApplicationShutdownHook] com.zaxxer.hikari.HikariDataSource       : HikariPool-1 - Shutdown initiated...
2025-04-17T00:26:51.658+03:00  INFO 39580 --- [Bank] [SpringApplicationShutdownHook] com.zaxxer.hikari.HikariDataSource       : HikariPool-1 - Shutdown completed.
2025-04-17T00:37:34.217+03:00  INFO 29408 --- [Bank] [main] com.bank.BankApplicationTests            : Starting BankApplicationTests using Java 23.0.2 with PID 29408 (started by SAFA in D:\Coding\Java\Bank)
2025-04-17T00:37:34.218+03:00 DEBUG 29408 --- [Bank] [main] com.bank.BankApplicationTests            : Running with Spring Boot v3.4.2, Spring v6.2.2
2025-04-17T00:37:34.219+03:00  INFO 29408 --- [Bank] [main] com.bank.BankApplicationTests            : No active profile set, falling back to 1 default profile: "default"
2025-04-17T00:37:35.167+03:00  INFO 29408 --- [Bank] [main] .s.d.r.c.RepositoryConfigurationDelegate : Bootstrapping Spring Data JPA repositories in DEFAULT mode.
2025-04-17T00:37:35.237+03:00  INFO 29408 --- [Bank] [main] .s.d.r.c.RepositoryConfigurationDelegate : Finished Spring Data repository scanning in 59 ms. Found 4 JPA repository interfaces.
2025-04-17T00:37:36.073+03:00  INFO 29408 --- [Bank] [main] o.hibernate.jpa.internal.util.LogHelper  : HHH000204: Processing PersistenceUnitInfo [name: default]
2025-04-17T00:37:36.139+03:00  INFO 29408 --- [Bank] [main] org.hibernate.Version                    : HHH000412: Hibernate ORM core version 6.6.5.Final
2025-04-17T00:37:36.179+03:00  INFO 29408 --- [Bank] [main] o.h.c.internal.RegionFactoryInitiator    : HHH000026: Second-level cache disabled
2025-04-17T00:37:36.583+03:00  INFO 29408 --- [Bank] [main] o.s.o.j.p.SpringPersistenceUnitInfo      : No LoadTimeWeaver setup: ignoring JPA class transformer
2025-04-17T00:37:36.627+03:00  INFO 29408 --- [Bank] [main] com.zaxxer.hikari.HikariDataSource       : HikariPool-1 - Starting...
2025-04-17T00:37:36.902+03:00  INFO 29408 --- [Bank] [main] com.zaxxer.hikari.pool.HikariPool        : HikariPool-1 - Added connection org.postgresql.jdbc.PgConnection@57149e0a
2025-04-17T00:37:36.905+03:00  INFO 29408 --- [Bank] [main] com.zaxxer.hikari.HikariDataSource       : HikariPool-1 - Start completed.
2025-04-17T00:37:36.948+03:00  WARN 29408 --- [Bank] [main] org.hibernate.orm.deprecation            : HHH90000025: PostgreSQLDialect does not need to be specified explicitly using 'hibernate.dialect' (remove the property setting and it will be selected by default)
2025-04-17T00:37:36.984+03:00  INFO 29408 --- [Bank] [main] org.hibernate.orm.connections.pooling    : HHH10001005: Database info:
	Database JDBC URL [Connecting through datasource 'HikariDataSource (HikariPool-1)']
	Database driver: undefined/unknown
	Database version: 17.4
	Autocommit mode: undefined/unknown
	Isolation level: undefined/unknown
	Minimum pool size: undefined/unknown
	Maximum pool size: undefined/unknown
2025-04-17T00:37:38.340+03:00  INFO 29408 --- [Bank] [main] o.h.e.t.j.p.i.JtaPlatformInitiator       : HHH000489: No JTA platform available (set 'hibernate.transaction.jta.platform' to enable JTA platform integration)
2025-04-17T00:37:38.635+03:00  INFO 29408 --- [Bank] [main] j.LocalContainerEntityManagerFactoryBean : Initialized JPA EntityManagerFactory for persistence unit 'default'
2025-04-17T00:37:39.061+03:00  INFO 29408 --- [Bank] [main] o.s.d.j.r.query.QueryEnhancerFactory     : Hibernate is in classpath; If applicable, HQL parser will be used.
2025-04-17T00:37:40.300+03:00  WARN 29408 --- [Bank] [main] JpaBaseConfiguration$JpaWebConfiguration : spring.jpa.open-in-view is enabled by default. Therefore, database queries may be performed during view rendering. Explicitly configure spring.jpa.open-in-view to disable this warning
2025-04-17T00:37:40.394+03:00  INFO 29408 --- [Bank] [main] o.s.v.b.OptionalValidatorFactoryBean     : Failed to set up a Bean Validation provider: jakarta.validation.NoProviderFoundException: Unable to create a Configuration, because no Jakarta Bean Validation provider could be found. Add a provider like Hibernate Validator (RI) to your classpath.
2025-04-17T00:37:41.184+03:00  INFO 29408 --- [Bank] [main] com.bank.BankApplicationTests            : Started BankApplicationTests in 7.359 seconds (process running for 9.22)
2025-04-17T00:37:41.871+03:00  INFO 29408 --- [Bank] [main] o.s.v.b.OptionalValidatorFactoryBean     : Failed to set up a Bean Validation provider: jakarta.validation.NoProviderFoundException: Unable to create a Configuration, because no Jakarta Bean Validation provider could be found. Add a provider like Hibernate Validator (RI) to your classpath.
2025-04-17T00:37:41.882+03:00  INFO 29408 --- [Bank] [main] o.s.mock.web.MockServletContext          : Initializing Spring TestDispatcherServlet ''
2025-04-17T00:37:41.883+03:00  INFO 29408 --- [Bank] [main] o.s.t.web.servlet.TestDispatcherServlet  : Initializing Servlet ''
2025-04-17T00:37:41.883+03:00  INFO 29408 --- [Bank] [main] o.s.t.web.servlet.TestDispatcherServlet  : Completed initialization in 0 ms
2025-04-17T00:37:41.967+03:00  INFO 29408 --- [Bank] [main] o.s.v.b.OptionalValidatorFactoryBean     : Failed to set up a Bean Validation provider: jakarta.validation.NoProviderFoundException: Unable to create a Configuration, because no Jakarta Bean Validation provider could be found. Add a provider like Hibernate Validator (RI) to your classpath.
2025-04-17T00:37:41.970+03:00  INFO 29408 --- [Bank] [main] o.s.mock.web.MockServletContext          : Initializing Spring TestDispatcherServlet ''
2025-04-17T00:37:41.971+03:00  INFO 29408 --- [Bank] [main] o.s.t.web.servlet.TestDispatcherServlet  : Initializing Servlet ''
2025-04-17T00:37:41.971+03:00  INFO 29408 --- [Bank] [main] o.s.t.web.servlet.TestDispatcherServlet  : Completed initialization in 0 ms
2025-04-17T00:37:41.979+03:00  INFO 29408 --- [Bank] [main] o.s.v.b.OptionalValidatorFactoryBean     : Failed to set up a Bean Validation provider: jakarta.validation.NoProviderFoundException: Unable to create a Configuration, because no Jakarta Bean Validation provider could be found. Add a provider like Hibernate Validator (RI) to your classpath.
2025-04-17T00:37:41.983+03:00  INFO 29408 --- [Bank] [main] o.s.mock.web.MockServletContext          : Initializing Spring TestDispatcherServlet ''
2025-04-17T00:37:41.983+03:00  INFO 29408 --- [Bank] [main] o.s.t.web.servlet.TestDispatcherServlet  : Initializing Servlet ''
2025-04-17T00:37:41.983+03:00  INFO 29408 --- [Bank] [main] o.s.t.web.servlet.TestDispatcherServlet  : Completed initialization in 0 ms
2025-04-17T00:37:41.987+03:00  INFO 29408 --- [Bank] [main] o.s.v.b.OptionalValidatorFactoryBean     : Failed to set up a Bean Validation provider: jakarta.validation.NoProviderFoundException: Unable to create a Configuration, because no Jakarta Bean Validation provider could be found. Add a provider like Hibernate Validator (RI) to your classpath.
2025-04-17T00:37:41.992+03:00  INFO 29408 --- [Bank] [main] o.s.mock.web.MockServletContext          : Initializing Spring TestDispatcherServlet ''
2025-04-17T00:37:41.992+03:00  INFO 29408 --- [Bank] [main] o.s.t.web.servlet.TestDispatcherServlet  : Initializing Servlet ''
2025-04-17T00:37:41.993+03:00  INFO 29408 --- [Bank] [main] o.s.t.web.servlet.TestDispatcherServlet  : Completed initialization in 1 ms
2025-04-17T00:37:42.101+03:00  INFO 29408 --- [Bank] [main] o.s.v.b.OptionalValidatorFactoryBean     : Failed to set up a Bean Validation provider: jakarta.validation.NoProviderFoundException: Unable to create a Configuration, because no Jakarta Bean Validation provider could be found. Add a provider like Hibernate Validator (RI) to your classpath.
2025-04-17T00:37:42.106+03:00  INFO 29408 --- [Bank] [main] o.s.mock.web.MockServletContext          : Initializing Spring TestDispatcherServlet ''
2025-04-17T00:37:42.107+03:00  INFO 29408 --- [Bank] [main] o.s.t.web.servlet.TestDispatcherServlet  : Initializing Servlet ''
2025-04-17T00:37:42.107+03:00  INFO 29408 --- [Bank] [main] o.s.t.web.servlet.TestDispatcherServlet  : Completed initialization in 0 ms
2025-04-17T00:37:42.112+03:00  INFO 29408 --- [Bank] [main] o.s.v.b.OptionalValidatorFactoryBean     : Failed to set up a Bean Validation provider: jakarta.validation.NoProviderFoundException: Unable to create a Configuration, because no Jakarta Bean Validation provider could be found. Add a provider like Hibernate Validator (RI) to your classpath.
2025-04-17T00:37:42.117+03:00  INFO 29408 --- [Bank] [main] o.s.mock.web.MockServletContext          : Initializing Spring TestDispatcherServlet ''
2025-04-17T00:37:42.117+03:00  INFO 29408 --- [Bank] [main] o.s.t.web.servlet.TestDispatcherServlet  : Initializing Servlet ''
2025-04-17T00:37:42.118+03:00  INFO 29408 --- [Bank] [main] o.s.t.web.servlet.TestDispatcherServlet  : Completed initialization in 0 ms
2025-04-17T00:37:42.132+03:00  INFO 29408 --- [Bank] [main] o.s.v.b.OptionalValidatorFactoryBean     : Failed to set up a Bean Validation provider: jakarta.validation.NoProviderFoundException: Unable to create a Configuration, because no Jakarta Bean Validation provider could be found. Add a provider like Hibernate Validator (RI) to your classpath.
2025-04-17T00:37:42.135+03:00  INFO 29408 --- [Bank] [main] o.s.mock.web.MockServletContext          : Initializing Spring TestDispatcherServlet ''
2025-04-17T00:37:42.136+03:00  INFO 29408 --- [Bank] [main] o.s.t.web.servlet.TestDispatcherServlet  : Initializing Servlet ''
2025-04-17T00:37:42.136+03:00  INFO 29408 --- [Bank] [main] o.s.t.web.servlet.TestDispatcherServlet  : Completed initialization in 0 ms
2025-04-17T00:37:42.147+03:00  INFO 29408 --- [Bank] [main] o.s.v.b.OptionalValidatorFactoryBean     : Failed to set up a Bean Validation provider: jakarta.validation.NoProviderFoundException: Unable to create a Configuration, because no Jakarta Bean Validation provider could be found. Add a provider like Hibernate Validator (RI) to your classpath.
2025-04-17T00:37:42.150+03:00  INFO 29408 --- [Bank] [main] o.s.mock.web.MockServletContext          : Initializing Spring TestDispatcherServlet ''
2025-04-17T00:37:42.150+03:00  INFO 29408 --- [Bank] [main] o.s.t.web.servlet.TestDispatcherServlet  : Initializing Servlet ''
2025-04-17T00:37:42.150+03:00  INFO 29408 --- [Bank] [main] o.s.t.web.servlet.TestDispatcherServlet  : Completed initialization in 0 ms
2025-04-17T00:37:42.190+03:00  INFO 29408 --- [Bank] [main] o.s.v.b.OptionalValidatorFactoryBean     : Failed to set up a Bean Validation provider: jakarta.validation.NoProviderFoundException: Unable to create a Configuration, because no Jakarta Bean Validation provider could be found. Add a provider like Hibernate Validator (RI) to your classpath.
2025-04-17T00:37:42.194+03:00  INFO 29408 --- [Bank] [main] o.s.mock.web.MockServletContext          : Initializing Spring TestDispatcherServlet ''
2025-04-17T00:37:42.194+03:00  INFO 29408 --- [Bank] [main] o.s.t.web.servlet.TestDispatcherServlet  : Initializing Servlet ''
2025-04-17T00:37:42.195+03:00  INFO 29408 --- [Bank] [main] o.s.t.web.servlet.TestDispatcherServlet  : Completed initialization in 0 ms
2025-04-17T00:37:42.207+03:00  INFO 29408 --- [Bank] [main] o.s.v.b.OptionalValidatorFactoryBean     : Failed to set up a Bean Validation provider: jakarta.validation.NoProviderFoundException: Unable to create a Configuration, because no Jakarta Bean Validation provider could be found. Add a provider like Hibernate Validator (RI) to your classpath.
2025-04-17T00:37:42.212+03:00  INFO 29408 --- [Bank] [main] o.s.mock.web.MockServletContext          : Initializing Spring TestDispatcherServlet ''
2025-04-17T00:37:42.212+03:00  INFO 29408 --- [Bank] [main] o.s.t.web.servlet.TestDispatcherServlet  : Initializing Servlet ''
2025-04-17T00:37:42.212+03:00  INFO 29408 --- [Bank] [main] o.s.t.web.servlet.TestDispatcherServlet  : Completed initialization in 0 ms
2025-04-17T00:37:42.224+03:00  INFO 29408 --- [Bank] [main] o.s.v.b.OptionalValidatorFactoryBean     : Failed to set up a Bean Validation provider: jakarta.validation.NoProviderFoundException: Unable to create a Configuration, because no Jakarta Bean Validation provider could be found. Add a provider like Hibernate Validator (RI) to your classpath.
2025-04-17T00:37:42.228+03:00  INFO 29408 --- [Bank] [main] o.s.mock.web.MockServletContext          : Initializing Spring TestDispatcherServlet ''
2025-04-17T00:37:42.228+03:00  INFO 29408 --- [Bank] [main] o.s.t.web.servlet.TestDispatcherServlet  : Initializing Servlet ''
2025-04-17T00:37:42.229+03:00  INFO 29408 --- [Bank] [main] o.s.t.web.servlet.TestDispatcherServlet  : Completed initialization in 0 ms
2025-04-17T00:37:42.232+03:00  INFO 29408 --- [Bank] [main] o.s.v.b.OptionalValidatorFactoryBean     : Failed to set up a Bean Validation provider: jakarta.validation.NoProviderFoundException: Unable to create a Configuration, because no Jakarta Bean Validation provider could be found. Add a provider like Hibernate Validator (RI) to your classpath.
2025-04-17T00:37:42.235+03:00  INFO 29408 --- [Bank] [main] o.s.mock.web.MockServletContext          : Initializing Spring TestDispatcherServlet ''
2025-04-17T00:37:42.236+03:00  INFO 29408 --- [Bank] [main] o.s.t.web.servlet.TestDispatcherServlet  : Initializing Servlet ''
2025-04-17T00:37:42.236+03:00  INFO 29408 --- [Bank] [main] o.s.t.web.servlet.TestDispatcherServlet  : Completed initialization in 0 ms
2025-04-17T00:37:43.046+03:00  INFO 29408 --- [Bank] [SpringApplicationShutdownHook] j.LocalContainerEntityManagerFactoryBean : Closing JPA EntityManagerFactory for persistence unit 'default'
2025-04-17T00:37:43.052+03:00  INFO 29408 --- [Bank] [SpringApplicationShutdownHook] com.zaxxer.hikari.HikariDataSource       : HikariPool-1 - Shutdown initiated...
2025-04-17T00:37:43.058+03:00  INFO 29408 --- [Bank] [SpringApplicationShutdownHook] com.zaxxer.hikari.HikariDataSource       : HikariPool-1 - Shutdown completed.
2025-04-17T00:39:41.051+03:00  INFO 41764 --- [Bank] [main] com.bank.BankApplicationTests            : Starting BankApplicationTests using Java 23.0.2 with PID 41764 (started by SAFA in D:\Coding\Java\Bank)
2025-04-17T00:39:41.052+03:00 DEBUG 41764 --- [Bank] [main] com.bank.BankApplicationTests            : Running with Spring Boot v3.4.2, Spring v6.2.2
2025-04-17T00:39:41.053+03:00  INFO 41764 --- [Bank] [main] com.bank.BankApplicationTests            : No active profile set, falling back to 1 default profile: "default"
2025-04-17T00:39:42.036+03:00  INFO 41764 --- [Bank] [main] .s.d.r.c.RepositoryConfigurationDelegate : Bootstrapping Spring Data JPA repositories in DEFAULT mode.
2025-04-17T00:39:42.108+03:00  INFO 41764 --- [Bank] [main] .s.d.r.c.RepositoryConfigurationDelegate : Finished Spring Data repository scanning in 61 ms. Found 4 JPA repository interfaces.
2025-04-17T00:39:42.947+03:00  INFO 41764 --- [Bank] [main] o.hibernate.jpa.internal.util.LogHelper  : HHH000204: Processing PersistenceUnitInfo [name: default]
2025-04-17T00:39:43.016+03:00  INFO 41764 --- [Bank] [main] org.hibernate.Version                    : HHH000412: Hibernate ORM core version 6.6.5.Final
2025-04-17T00:39:43.057+03:00  INFO 41764 --- [Bank] [main] o.h.c.internal.RegionFactoryInitiator    : HHH000026: Second-level cache disabled
2025-04-17T00:39:43.487+03:00  INFO 41764 --- [Bank] [main] o.s.o.j.p.SpringPersistenceUnitInfo      : No LoadTimeWeaver setup: ignoring JPA class transformer
2025-04-17T00:39:43.540+03:00  INFO 41764 --- [Bank] [main] com.zaxxer.hikari.HikariDataSource       : HikariPool-1 - Starting...
2025-04-17T00:39:43.939+03:00  INFO 41764 --- [Bank] [main] com.zaxxer.hikari.pool.HikariPool        : HikariPool-1 - Added connection org.postgresql.jdbc.PgConnection@c0ed96c
2025-04-17T00:39:43.941+03:00  INFO 41764 --- [Bank] [main] com.zaxxer.hikari.HikariDataSource       : HikariPool-1 - Start completed.
2025-04-17T00:39:43.982+03:00  WARN 41764 --- [Bank] [main] org.hibernate.orm.deprecation            : HHH90000025: PostgreSQLDialect does not need to be specified explicitly using 'hibernate.dialect' (remove the property setting and it will be selected by default)
2025-04-17T00:39:44.005+03:00  INFO 41764 --- [Bank] [main] org.hibernate.orm.connections.pooling    : HHH10001005: Database info:
	Database JDBC URL [Connecting through datasource 'HikariDataSource (HikariPool-1)']
	Database driver: undefined/unknown
	Database version: 17.4
	Autocommit mode: undefined/unknown
	Isolation level: undefined/unknown
	Minimum pool size: undefined/unknown
	Maximum pool size: undefined/unknown
2025-04-17T00:39:45.146+03:00  INFO 41764 --- [Bank] [main] o.h.e.t.j.p.i.JtaPlatformInitiator       : HHH000489: No JTA platform available (set 'hibernate.transaction.jta.platform' to enable JTA platform integration)
2025-04-17T00:39:45.380+03:00  INFO 41764 --- [Bank] [main] j.LocalContainerEntityManagerFactoryBean : Initialized JPA EntityManagerFactory for persistence unit 'default'
2025-04-17T00:39:45.858+03:00  INFO 41764 --- [Bank] [main] o.s.d.j.r.query.QueryEnhancerFactory     : Hibernate is in classpath; If applicable, HQL parser will be used.
2025-04-17T00:39:47.131+03:00  WARN 41764 --- [Bank] [main] JpaBaseConfiguration$JpaWebConfiguration : spring.jpa.open-in-view is enabled by default. Therefore, database queries may be performed during view rendering. Explicitly configure spring.jpa.open-in-view to disable this warning
2025-04-17T00:39:47.223+03:00  INFO 41764 --- [Bank] [main] o.s.v.b.OptionalValidatorFactoryBean     : Failed to set up a Bean Validation provider: jakarta.validation.NoProviderFoundException: Unable to create a Configuration, because no Jakarta Bean Validation provider could be found. Add a provider like Hibernate Validator (RI) to your classpath.
2025-04-17T00:39:48.008+03:00  INFO 41764 --- [Bank] [main] com.bank.BankApplicationTests            : Started BankApplicationTests in 7.317 seconds (process running for 9.07)
2025-04-17T00:39:48.678+03:00  INFO 41764 --- [Bank] [main] o.s.v.b.OptionalValidatorFactoryBean     : Failed to set up a Bean Validation provider: jakarta.validation.NoProviderFoundException: Unable to create a Configuration, because no Jakarta Bean Validation provider could be found. Add a provider like Hibernate Validator (RI) to your classpath.
2025-04-17T00:39:48.691+03:00  INFO 41764 --- [Bank] [main] o.s.mock.web.MockServletContext          : Initializing Spring TestDispatcherServlet ''
2025-04-17T00:39:48.692+03:00  INFO 41764 --- [Bank] [main] o.s.t.web.servlet.TestDispatcherServlet  : Initializing Servlet ''
2025-04-17T00:39:48.692+03:00  INFO 41764 --- [Bank] [main] o.s.t.web.servlet.TestDispatcherServlet  : Completed initialization in 0 ms
2025-04-17T00:39:48.759+03:00  INFO 41764 --- [Bank] [main] o.s.v.b.OptionalValidatorFactoryBean     : Failed to set up a Bean Validation provider: jakarta.validation.NoProviderFoundException: Unable to create a Configuration, because no Jakarta Bean Validation provider could be found. Add a provider like Hibernate Validator (RI) to your classpath.
2025-04-17T00:39:48.765+03:00  INFO 41764 --- [Bank] [main] o.s.mock.web.MockServletContext          : Initializing Spring TestDispatcherServlet ''
2025-04-17T00:39:48.766+03:00  INFO 41764 --- [Bank] [main] o.s.t.web.servlet.TestDispatcherServlet  : Initializing Servlet ''
2025-04-17T00:39:48.766+03:00  INFO 41764 --- [Bank] [main] o.s.t.web.servlet.TestDispatcherServlet  : Completed initialization in 0 ms
2025-04-17T00:39:48.774+03:00  INFO 41764 --- [Bank] [main] o.s.v.b.OptionalValidatorFactoryBean     : Failed to set up a Bean Validation provider: jakarta.validation.NoProviderFoundException: Unable to create a Configuration, because no Jakarta Bean Validation provider could be found. Add a provider like Hibernate Validator (RI) to your classpath.
2025-04-17T00:39:48.779+03:00  INFO 41764 --- [Bank] [main] o.s.mock.web.MockServletContext          : Initializing Spring TestDispatcherServlet ''
2025-04-17T00:39:48.779+03:00  INFO 41764 --- [Bank] [main] o.s.t.web.servlet.TestDispatcherServlet  : Initializing Servlet ''
2025-04-17T00:39:48.779+03:00  INFO 41764 --- [Bank] [main] o.s.t.web.servlet.TestDispatcherServlet  : Completed initialization in 0 ms
2025-04-17T00:39:48.783+03:00  INFO 41764 --- [Bank] [main] o.s.v.b.OptionalValidatorFactoryBean     : Failed to set up a Bean Validation provider: jakarta.validation.NoProviderFoundException: Unable to create a Configuration, because no Jakarta Bean Validation provider could be found. Add a provider like Hibernate Validator (RI) to your classpath.
2025-04-17T00:39:48.788+03:00  INFO 41764 --- [Bank] [main] o.s.mock.web.MockServletContext          : Initializing Spring TestDispatcherServlet ''
2025-04-17T00:39:48.788+03:00  INFO 41764 --- [Bank] [main] o.s.t.web.servlet.TestDispatcherServlet  : Initializing Servlet ''
2025-04-17T00:39:48.789+03:00  INFO 41764 --- [Bank] [main] o.s.t.web.servlet.TestDispatcherServlet  : Completed initialization in 1 ms
2025-04-17T00:39:48.880+03:00  INFO 41764 --- [Bank] [main] o.s.v.b.OptionalValidatorFactoryBean     : Failed to set up a Bean Validation provider: jakarta.validation.NoProviderFoundException: Unable to create a Configuration, because no Jakarta Bean Validation provider could be found. Add a provider like Hibernate Validator (RI) to your classpath.
2025-04-17T00:39:48.884+03:00  INFO 41764 --- [Bank] [main] o.s.mock.web.MockServletContext          : Initializing Spring TestDispatcherServlet ''
2025-04-17T00:39:48.884+03:00  INFO 41764 --- [Bank] [main] o.s.t.web.servlet.TestDispatcherServlet  : Initializing Servlet ''
2025-04-17T00:39:48.884+03:00  INFO 41764 --- [Bank] [main] o.s.t.web.servlet.TestDispatcherServlet  : Completed initialization in 0 ms
2025-04-17T00:39:48.888+03:00  INFO 41764 --- [Bank] [main] o.s.v.b.OptionalValidatorFactoryBean     : Failed to set up a Bean Validation provider: jakarta.validation.NoProviderFoundException: Unable to create a Configuration, because no Jakarta Bean Validation provider could be found. Add a provider like Hibernate Validator (RI) to your classpath.
2025-04-17T00:39:48.892+03:00  INFO 41764 --- [Bank] [main] o.s.mock.web.MockServletContext          : Initializing Spring TestDispatcherServlet ''
2025-04-17T00:39:48.893+03:00  INFO 41764 --- [Bank] [main] o.s.t.web.servlet.TestDispatcherServlet  : Initializing Servlet ''
2025-04-17T00:39:48.893+03:00  INFO 41764 --- [Bank] [main] o.s.t.web.servlet.TestDispatcherServlet  : Completed initialization in 0 ms
2025-04-17T00:39:48.905+03:00  INFO 41764 --- [Bank] [main] o.s.v.b.OptionalValidatorFactoryBean     : Failed to set up a Bean Validation provider: jakarta.validation.NoProviderFoundException: Unable to create a Configuration, because no Jakarta Bean Validation provider could be found. Add a provider like Hibernate Validator (RI) to your classpath.
2025-04-17T00:39:48.908+03:00  INFO 41764 --- [Bank] [main] o.s.mock.web.MockServletContext          : Initializing Spring TestDispatcherServlet ''
2025-04-17T00:39:48.908+03:00  INFO 41764 --- [Bank] [main] o.s.t.web.servlet.TestDispatcherServlet  : Initializing Servlet ''
2025-04-17T00:39:48.908+03:00  INFO 41764 --- [Bank] [main] o.s.t.web.servlet.TestDispatcherServlet  : Completed initialization in 0 ms
2025-04-17T00:39:48.923+03:00  INFO 41764 --- [Bank] [main] o.s.v.b.OptionalValidatorFactoryBean     : Failed to set up a Bean Validation provider: jakarta.validation.NoProviderFoundException: Unable to create a Configuration, because no Jakarta Bean Validation provider could be found. Add a provider like Hibernate Validator (RI) to your classpath.
2025-04-17T00:39:48.926+03:00  INFO 41764 --- [Bank] [main] o.s.mock.web.MockServletContext          : Initializing Spring TestDispatcherServlet ''
2025-04-17T00:39:48.926+03:00  INFO 41764 --- [Bank] [main] o.s.t.web.servlet.TestDispatcherServlet  : Initializing Servlet ''
2025-04-17T00:39:48.927+03:00  INFO 41764 --- [Bank] [main] o.s.t.web.servlet.TestDispatcherServlet  : Completed initialization in 0 ms
2025-04-17T00:39:48.960+03:00  INFO 41764 --- [Bank] [main] o.s.v.b.OptionalValidatorFactoryBean     : Failed to set up a Bean Validation provider: jakarta.validation.NoProviderFoundException: Unable to create a Configuration, because no Jakarta Bean Validation provider could be found. Add a provider like Hibernate Validator (RI) to your classpath.
2025-04-17T00:39:48.963+03:00  INFO 41764 --- [Bank] [main] o.s.mock.web.MockServletContext          : Initializing Spring TestDispatcherServlet ''
2025-04-17T00:39:48.963+03:00  INFO 41764 --- [Bank] [main] o.s.t.web.servlet.TestDispatcherServlet  : Initializing Servlet ''
2025-04-17T00:39:48.963+03:00  INFO 41764 --- [Bank] [main] o.s.t.web.servlet.TestDispatcherServlet  : Completed initialization in 0 ms
2025-04-17T00:39:48.975+03:00  INFO 41764 --- [Bank] [main] o.s.v.b.OptionalValidatorFactoryBean     : Failed to set up a Bean Validation provider: jakarta.validation.NoProviderFoundException: Unable to create a Configuration, because no Jakarta Bean Validation provider could be found. Add a provider like Hibernate Validator (RI) to your classpath.
2025-04-17T00:39:48.979+03:00  INFO 41764 --- [Bank] [main] o.s.mock.web.MockServletContext          : Initializing Spring TestDispatcherServlet ''
2025-04-17T00:39:48.979+03:00  INFO 41764 --- [Bank] [main] o.s.t.web.servlet.TestDispatcherServlet  : Initializing Servlet ''
2025-04-17T00:39:48.979+03:00  INFO 41764 --- [Bank] [main] o.s.t.web.servlet.TestDispatcherServlet  : Completed initialization in 0 ms
2025-04-17T00:39:48.988+03:00  INFO 41764 --- [Bank] [main] o.s.v.b.OptionalValidatorFactoryBean     : Failed to set up a Bean Validation provider: jakarta.validation.NoProviderFoundException: Unable to create a Configuration, because no Jakarta Bean Validation provider could be found. Add a provider like Hibernate Validator (RI) to your classpath.
2025-04-17T00:39:48.992+03:00  INFO 41764 --- [Bank] [main] o.s.mock.web.MockServletContext          : Initializing Spring TestDispatcherServlet ''
2025-04-17T00:39:48.992+03:00  INFO 41764 --- [Bank] [main] o.s.t.web.servlet.TestDispatcherServlet  : Initializing Servlet ''
2025-04-17T00:39:48.992+03:00  INFO 41764 --- [Bank] [main] o.s.t.web.servlet.TestDispatcherServlet  : Completed initialization in 0 ms
2025-04-17T00:39:48.995+03:00  INFO 41764 --- [Bank] [main] o.s.v.b.OptionalValidatorFactoryBean     : Failed to set up a Bean Validation provider: jakarta.validation.NoProviderFoundException: Unable to create a Configuration, because no Jakarta Bean Validation provider could be found. Add a provider like Hibernate Validator (RI) to your classpath.
2025-04-17T00:39:48.998+03:00  INFO 41764 --- [Bank] [main] o.s.mock.web.MockServletContext          : Initializing Spring TestDispatcherServlet ''
2025-04-17T00:39:48.998+03:00  INFO 41764 --- [Bank] [main] o.s.t.web.servlet.TestDispatcherServlet  : Initializing Servlet ''
2025-04-17T00:39:48.998+03:00  INFO 41764 --- [Bank] [main] o.s.t.web.servlet.TestDispatcherServlet  : Completed initialization in 0 ms
2025-04-17T00:39:49.846+03:00  INFO 41764 --- [Bank] [SpringApplicationShutdownHook] j.LocalContainerEntityManagerFactoryBean : Closing JPA EntityManagerFactory for persistence unit 'default'
2025-04-17T00:39:49.853+03:00  INFO 41764 --- [Bank] [SpringApplicationShutdownHook] com.zaxxer.hikari.HikariDataSource       : HikariPool-1 - Shutdown initiated...
2025-04-17T00:39:49.861+03:00  INFO 41764 --- [Bank] [SpringApplicationShutdownHook] com.zaxxer.hikari.HikariDataSource       : HikariPool-1 - Shutdown completed.
