2025-05-15T23:24:25.869+03:00  INFO 5188 --- [Bank] [main] com.bank.BankApplication                 : Starting BankApplication using Java 23.0.2 with PID 5188 (D:\Coding\Java\Bank\target\classes started by SAFA in D:\Coding\Java\Bank)
2025-05-15T23:24:25.873+03:00 DEBUG 5188 --- [Bank] [main] com.bank.BankApplication                 : Running with Spring Boot v3.4.2, Spring v6.2.2
2025-05-15T23:24:25.873+03:00  INFO 5188 --- [Bank] [main] com.bank.BankApplication                 : No active profile set, falling back to 1 default profile: "default"
2025-05-15T23:24:26.807+03:00  INFO 5188 --- [Bank] [main] .s.d.r.c.RepositoryConfigurationDelegate : Bootstrapping Spring Data JPA repositories in DEFAULT mode.
2025-05-15T23:24:26.887+03:00  INFO 5188 --- [Bank] [main] .s.d.r.c.RepositoryConfigurationDelegate : Finished Spring Data repository scanning in 69 ms. Found 5 JPA repository interfaces.
2025-05-15T23:24:27.626+03:00  INFO 5188 --- [Bank] [main] o.s.b.w.embedded.tomcat.TomcatWebServer  : Tomcat initialized with port 8080 (http)
2025-05-15T23:24:27.641+03:00  INFO 5188 --- [Bank] [main] o.apache.catalina.core.StandardService   : Starting service [Tomcat]
2025-05-15T23:24:27.641+03:00  INFO 5188 --- [Bank] [main] o.apache.catalina.core.StandardEngine    : Starting Servlet engine: [Apache Tomcat/10.1.34]
2025-05-15T23:24:27.697+03:00  INFO 5188 --- [Bank] [main] o.a.c.c.C.[Tomcat].[localhost].[/]       : Initializing Spring embedded WebApplicationContext
2025-05-15T23:24:27.698+03:00  INFO 5188 --- [Bank] [main] w.s.c.ServletWebServerApplicationContext : Root WebApplicationContext: initialization completed in 1748 ms
2025-05-15T23:24:27.912+03:00  INFO 5188 --- [Bank] [main] o.hibernate.jpa.internal.util.LogHelper  : HHH000204: Processing PersistenceUnitInfo [name: default]
2025-05-15T23:24:28.010+03:00  INFO 5188 --- [Bank] [main] org.hibernate.Version                    : HHH000412: Hibernate ORM core version 6.6.5.Final
2025-05-15T23:24:28.060+03:00  INFO 5188 --- [Bank] [main] o.h.c.internal.RegionFactoryInitiator    : HHH000026: Second-level cache disabled
2025-05-15T23:24:28.640+03:00  INFO 5188 --- [Bank] [main] o.s.o.j.p.SpringPersistenceUnitInfo      : No LoadTimeWeaver setup: ignoring JPA class transformer
2025-05-15T23:24:28.680+03:00  INFO 5188 --- [Bank] [main] com.zaxxer.hikari.HikariDataSource       : HikariPool-1 - Starting...
2025-05-15T23:24:28.934+03:00  INFO 5188 --- [Bank] [main] com.zaxxer.hikari.pool.HikariPool        : HikariPool-1 - Added connection org.postgresql.jdbc.PgConnection@693f2c89
2025-05-15T23:24:28.935+03:00  INFO 5188 --- [Bank] [main] com.zaxxer.hikari.HikariDataSource       : HikariPool-1 - Start completed.
2025-05-15T23:24:28.984+03:00  WARN 5188 --- [Bank] [main] org.hibernate.orm.deprecation            : HHH90000025: PostgreSQLDialect does not need to be specified explicitly using 'hibernate.dialect' (remove the property setting and it will be selected by default)
2025-05-15T23:24:28.999+03:00  INFO 5188 --- [Bank] [main] org.hibernate.orm.connections.pooling    : HHH10001005: Database info:
	Database JDBC URL [Connecting through datasource 'HikariDataSource (HikariPool-1)']
	Database driver: undefined/unknown
	Database version: 17.4
	Autocommit mode: undefined/unknown
	Isolation level: undefined/unknown
	Minimum pool size: undefined/unknown
	Maximum pool size: undefined/unknown
2025-05-15T23:24:30.221+03:00  INFO 5188 --- [Bank] [main] o.h.e.t.j.p.i.JtaPlatformInitiator       : HHH000489: No JTA platform available (set 'hibernate.transaction.jta.platform' to enable JTA platform integration)
2025-05-15T23:24:30.615+03:00  INFO 5188 --- [Bank] [main] j.LocalContainerEntityManagerFactoryBean : Initialized JPA EntityManagerFactory for persistence unit 'default'
2025-05-15T23:24:31.341+03:00  INFO 5188 --- [Bank] [main] o.s.d.j.r.query.QueryEnhancerFactory     : Hibernate is in classpath; If applicable, HQL parser will be used.
2025-05-15T23:24:32.549+03:00  WARN 5188 --- [Bank] [main] JpaBaseConfiguration$JpaWebConfiguration : spring.jpa.open-in-view is enabled by default. Therefore, database queries may be performed during view rendering. Explicitly configure spring.jpa.open-in-view to disable this warning
2025-05-15T23:24:32.617+03:00  INFO 5188 --- [Bank] [main] o.s.v.b.OptionalValidatorFactoryBean     : Failed to set up a Bean Validation provider: jakarta.validation.NoProviderFoundException: Unable to create a Configuration, because no Jakarta Bean Validation provider could be found. Add a provider like Hibernate Validator (RI) to your classpath.
2025-05-15T23:24:34.327+03:00  INFO 5188 --- [Bank] [main] o.s.b.w.embedded.tomcat.TomcatWebServer  : Tomcat started on port 8080 (http) with context path '/'
2025-05-15T23:24:34.346+03:00  INFO 5188 --- [Bank] [main] com.bank.BankApplication                 : Started BankApplication in 8.978 seconds (process running for 10.796)
2025-05-15T23:24:57.969+03:00  INFO 5188 --- [Bank] [http-nio-8080-exec-1] o.a.c.c.C.[Tomcat].[localhost].[/]       : Initializing Spring DispatcherServlet 'dispatcherServlet'
2025-05-15T23:24:57.969+03:00  INFO 5188 --- [Bank] [http-nio-8080-exec-1] o.s.web.servlet.DispatcherServlet        : Initializing Servlet 'dispatcherServlet'
2025-05-15T23:24:57.970+03:00  INFO 5188 --- [Bank] [http-nio-8080-exec-1] o.s.web.servlet.DispatcherServlet        : Completed initialization in 1 ms
2025-05-15T23:24:59.661+03:00  INFO 5188 --- [Bank] [http-nio-8080-exec-9] o.springdoc.api.AbstractOpenApiResource  : Init duration for springdoc-openapi is: 1086 ms
2025-05-15T23:25:12.853+03:00  INFO 5188 --- [Bank] [http-nio-8080-exec-8] com.bank.aspect.LoggingAspect            : Executing method: LogController.generateLogFile(..)
2025-05-15T23:25:12.857+03:00  INFO 5188 --- [Bank] [http-nio-8080-exec-8] com.bank.aspect.LoggingAspect            : Method LogController.generateLogFile(..) executed successfully. Result: {taskId=e87d9724-6c1c-4f63-873e-377ee2c9b04c}
2025-05-15T23:25:13.867+03:00  INFO 5188 --- [Bank] [pool-3-thread-1] com.bank.service.impl.LogServiceImpl     : e87d9724-6c1c-4f63-873e-377ee2c9b04c: QUEUED - В очереди на выполнение
2025-05-15T23:25:13.867+03:00  INFO 5188 --- [Bank] [pool-3-thread-1] com.bank.service.impl.LogServiceImpl     : e87d9724-6c1c-4f63-873e-377ee2c9b04c: PREPARING - Подготовка к обработке
2025-05-15T23:25:23.872+03:00  INFO 5188 --- [Bank] [pool-3-thread-1] com.bank.service.impl.LogServiceImpl     : e87d9724-6c1c-4f63-873e-377ee2c9b04c: READING - Чтение лог-файла
2025-05-15T23:25:23.873+03:00  INFO 5188 --- [Bank] [pool-3-thread-1] com.bank.service.impl.LogServiceImpl     : e87d9724-6c1c-4f63-873e-377ee2c9b04c: FILTERING - Фильтрация записей
2025-05-15T23:25:33.884+03:00  INFO 5188 --- [Bank] [pool-3-thread-1] com.bank.service.impl.LogServiceImpl     : e87d9724-6c1c-4f63-873e-377ee2c9b04c: SAVING - Сохранение результата
2025-05-15T23:25:43.896+03:00  INFO 5188 --- [Bank] [pool-3-thread-1] com.bank.service.impl.LogServiceImpl     : e87d9724-6c1c-4f63-873e-377ee2c9b04c: COMPLETED - Завершено успешно
2025-05-15T23:26:05.633+03:00  INFO 5188 --- [Bank] [http-nio-8080-exec-4] com.bank.aspect.LoggingAspect            : Executing method: LogController.generateLogFile(..)
2025-05-15T23:26:05.635+03:00  INFO 5188 --- [Bank] [http-nio-8080-exec-4] com.bank.aspect.LoggingAspect            : Method LogController.generateLogFile(..) executed successfully. Result: {taskId=7a359956-4ccc-495b-a3eb-611d560cad6f}
2025-05-15T23:26:06.635+03:00  INFO 5188 --- [Bank] [pool-3-thread-1] com.bank.service.impl.LogServiceImpl     : 7a359956-4ccc-495b-a3eb-611d560cad6f: QUEUED - В очереди на выполнение
2025-05-15T23:26:06.636+03:00  INFO 5188 --- [Bank] [pool-3-thread-1] com.bank.service.impl.LogServiceImpl     : 7a359956-4ccc-495b-a3eb-611d560cad6f: PREPARING - Подготовка к обработке
2025-05-15T23:26:16.645+03:00  INFO 5188 --- [Bank] [pool-3-thread-1] com.bank.service.impl.LogServiceImpl     : 7a359956-4ccc-495b-a3eb-611d560cad6f: READING - Чтение лог-файла
2025-05-15T23:26:16.646+03:00  INFO 5188 --- [Bank] [pool-3-thread-1] com.bank.service.impl.LogServiceImpl     : 7a359956-4ccc-495b-a3eb-611d560cad6f: FILTERING - Фильтрация записей
2025-05-15T23:26:26.659+03:00  INFO 5188 --- [Bank] [pool-3-thread-1] com.bank.service.impl.LogServiceImpl     : 7a359956-4ccc-495b-a3eb-611d560cad6f: SAVING - Сохранение результата
2025-05-15T23:26:36.669+03:00  INFO 5188 --- [Bank] [pool-3-thread-1] com.bank.service.impl.LogServiceImpl     : 7a359956-4ccc-495b-a3eb-611d560cad6f: COMPLETED - Завершено успешно
2025-05-15T23:26:39.419+03:00  INFO 5188 --- [Bank] [http-nio-8080-exec-7] com.bank.aspect.LoggingAspect            : Executing method: LogController.getTaskStatus(..)
2025-05-15T23:26:39.422+03:00  INFO 5188 --- [Bank] [http-nio-8080-exec-7] com.bank.aspect.LoggingAspect            : Method LogController.getTaskStatus(..) executed successfully. Result: {createdAt=2025-05-15T23:25:12.856336100, taskId=e87d9724-6c1c-4f63-873e-377ee2c9b04c, status=COMPLETED}
2025-05-15T23:27:04.980+03:00 ERROR 5188 --- [Bank] [http-nio-8080-exec-9] c.bank.exception.GlobalExceptionHandler  : Internal server error: Request method 'POST' is not supported

org.springframework.web.HttpRequestMethodNotSupportedException: Request method 'POST' is not supported
	at org.springframework.web.servlet.mvc.method.RequestMappingInfoHandlerMapping.handleNoMatch(RequestMappingInfoHandlerMapping.java:267) ~[spring-webmvc-6.2.2.jar:6.2.2]
	at org.springframework.web.servlet.handler.AbstractHandlerMethodMapping.lookupHandlerMethod(AbstractHandlerMethodMapping.java:441) ~[spring-webmvc-6.2.2.jar:6.2.2]
	at org.springframework.web.servlet.handler.AbstractHandlerMethodMapping.getHandlerInternal(AbstractHandlerMethodMapping.java:382) ~[spring-webmvc-6.2.2.jar:6.2.2]
	at org.springframework.web.servlet.mvc.method.RequestMappingInfoHandlerMapping.getHandlerInternal(RequestMappingInfoHandlerMapping.java:127) ~[spring-webmvc-6.2.2.jar:6.2.2]
	at org.springframework.web.servlet.mvc.method.RequestMappingInfoHandlerMapping.getHandlerInternal(RequestMappingInfoHandlerMapping.java:68) ~[spring-webmvc-6.2.2.jar:6.2.2]
	at org.springframework.web.servlet.handler.AbstractHandlerMapping.getHandler(AbstractHandlerMapping.java:509) ~[spring-webmvc-6.2.2.jar:6.2.2]
	at org.springframework.web.servlet.DispatcherServlet.getHandler(DispatcherServlet.java:1283) ~[spring-webmvc-6.2.2.jar:6.2.2]
	at org.springframework.web.servlet.DispatcherServlet.doDispatch(DispatcherServlet.java:1064) ~[spring-webmvc-6.2.2.jar:6.2.2]
	at org.springframework.web.servlet.DispatcherServlet.doService(DispatcherServlet.java:978) ~[spring-webmvc-6.2.2.jar:6.2.2]
	at org.springframework.web.servlet.FrameworkServlet.processRequest(FrameworkServlet.java:1014) ~[spring-webmvc-6.2.2.jar:6.2.2]
	at org.springframework.web.servlet.FrameworkServlet.doPost(FrameworkServlet.java:914) ~[spring-webmvc-6.2.2.jar:6.2.2]
	at jakarta.servlet.http.HttpServlet.service(HttpServlet.java:590) ~[tomcat-embed-core-10.1.34.jar:6.0]
	at org.springframework.web.servlet.FrameworkServlet.service(FrameworkServlet.java:885) ~[spring-webmvc-6.2.2.jar:6.2.2]
	at jakarta.servlet.http.HttpServlet.service(HttpServlet.java:658) ~[tomcat-embed-core-10.1.34.jar:6.0]
	at org.apache.catalina.core.ApplicationFilterChain.internalDoFilter(ApplicationFilterChain.java:195) ~[tomcat-embed-core-10.1.34.jar:10.1.34]
	at org.apache.catalina.core.ApplicationFilterChain.doFilter(ApplicationFilterChain.java:140) ~[tomcat-embed-core-10.1.34.jar:10.1.34]
	at org.apache.tomcat.websocket.server.WsFilter.doFilter(WsFilter.java:51) ~[tomcat-embed-websocket-10.1.34.jar:10.1.34]
	at org.apache.catalina.core.ApplicationFilterChain.internalDoFilter(ApplicationFilterChain.java:164) ~[tomcat-embed-core-10.1.34.jar:10.1.34]
	at org.apache.catalina.core.ApplicationFilterChain.doFilter(ApplicationFilterChain.java:140) ~[tomcat-embed-core-10.1.34.jar:10.1.34]
	at org.springframework.web.filter.RequestContextFilter.doFilterInternal(RequestContextFilter.java:100) ~[spring-web-6.2.2.jar:6.2.2]
	at org.springframework.web.filter.OncePerRequestFilter.doFilter(OncePerRequestFilter.java:116) ~[spring-web-6.2.2.jar:6.2.2]
	at org.apache.catalina.core.ApplicationFilterChain.internalDoFilter(ApplicationFilterChain.java:164) ~[tomcat-embed-core-10.1.34.jar:10.1.34]
	at org.apache.catalina.core.ApplicationFilterChain.doFilter(ApplicationFilterChain.java:140) ~[tomcat-embed-core-10.1.34.jar:10.1.34]
	at org.springframework.web.filter.FormContentFilter.doFilterInternal(FormContentFilter.java:93) ~[spring-web-6.2.2.jar:6.2.2]
	at org.springframework.web.filter.OncePerRequestFilter.doFilter(OncePerRequestFilter.java:116) ~[spring-web-6.2.2.jar:6.2.2]
	at org.apache.catalina.core.ApplicationFilterChain.internalDoFilter(ApplicationFilterChain.java:164) ~[tomcat-embed-core-10.1.34.jar:10.1.34]
	at org.apache.catalina.core.ApplicationFilterChain.doFilter(ApplicationFilterChain.java:140) ~[tomcat-embed-core-10.1.34.jar:10.1.34]
	at org.springframework.web.filter.CharacterEncodingFilter.doFilterInternal(CharacterEncodingFilter.java:201) ~[spring-web-6.2.2.jar:6.2.2]
	at org.springframework.web.filter.OncePerRequestFilter.doFilter(OncePerRequestFilter.java:116) ~[spring-web-6.2.2.jar:6.2.2]
	at org.apache.catalina.core.ApplicationFilterChain.internalDoFilter(ApplicationFilterChain.java:164) ~[tomcat-embed-core-10.1.34.jar:10.1.34]
	at org.apache.catalina.core.ApplicationFilterChain.doFilter(ApplicationFilterChain.java:140) ~[tomcat-embed-core-10.1.34.jar:10.1.34]
	at org.apache.catalina.core.StandardWrapperValve.invoke(StandardWrapperValve.java:167) ~[tomcat-embed-core-10.1.34.jar:10.1.34]
	at org.apache.catalina.core.StandardContextValve.invoke(StandardContextValve.java:90) ~[tomcat-embed-core-10.1.34.jar:10.1.34]
	at org.apache.catalina.authenticator.AuthenticatorBase.invoke(AuthenticatorBase.java:483) ~[tomcat-embed-core-10.1.34.jar:10.1.34]
	at org.apache.catalina.core.StandardHostValve.invoke(StandardHostValve.java:115) ~[tomcat-embed-core-10.1.34.jar:10.1.34]
	at org.apache.catalina.valves.ErrorReportValve.invoke(ErrorReportValve.java:93) ~[tomcat-embed-core-10.1.34.jar:10.1.34]
	at org.apache.catalina.core.StandardEngineValve.invoke(StandardEngineValve.java:74) ~[tomcat-embed-core-10.1.34.jar:10.1.34]
	at org.apache.catalina.connector.CoyoteAdapter.service(CoyoteAdapter.java:344) ~[tomcat-embed-core-10.1.34.jar:10.1.34]
	at org.apache.coyote.http11.Http11Processor.service(Http11Processor.java:397) ~[tomcat-embed-core-10.1.34.jar:10.1.34]
	at org.apache.coyote.AbstractProcessorLight.process(AbstractProcessorLight.java:63) ~[tomcat-embed-core-10.1.34.jar:10.1.34]
	at org.apache.coyote.AbstractProtocol$ConnectionHandler.process(AbstractProtocol.java:905) ~[tomcat-embed-core-10.1.34.jar:10.1.34]
	at org.apache.tomcat.util.net.NioEndpoint$SocketProcessor.doRun(NioEndpoint.java:1741) ~[tomcat-embed-core-10.1.34.jar:10.1.34]
	at org.apache.tomcat.util.net.SocketProcessorBase.run(SocketProcessorBase.java:52) ~[tomcat-embed-core-10.1.34.jar:10.1.34]
	at org.apache.tomcat.util.threads.ThreadPoolExecutor.runWorker(ThreadPoolExecutor.java:1190) ~[tomcat-embed-core-10.1.34.jar:10.1.34]
	at org.apache.tomcat.util.threads.ThreadPoolExecutor$Worker.run(ThreadPoolExecutor.java:659) ~[tomcat-embed-core-10.1.34.jar:10.1.34]
	at org.apache.tomcat.util.threads.TaskThread$WrappingRunnable.run(TaskThread.java:63) ~[tomcat-embed-core-10.1.34.jar:10.1.34]
	at java.base/java.lang.Thread.run(Thread.java:1575) ~[na:na]

2025-05-15T23:27:09.378+03:00  INFO 5188 --- [Bank] [http-nio-8080-exec-10] com.bank.aspect.LoggingAspect            : Executing method: LogController.getTaskStatus(..)
2025-05-15T23:27:09.381+03:00  INFO 5188 --- [Bank] [http-nio-8080-exec-10] com.bank.aspect.LoggingAspect            : Method LogController.getTaskStatus(..) executed successfully. Result: {createdAt=2025-05-15T23:26:05.634317600, taskId=7a359956-4ccc-495b-a3eb-611d560cad6f, status=COMPLETED}
