2025-05-10T19:56:30.659+03:00  INFO 13172 --- [Bank] [main] com.bank.BankApplication                 : Starting BankApplication using Java 23.0.2 with PID 13172 (D:\Coding\Java\Bank\target\classes started by SAFA in D:\Coding\Java\Bank)
2025-05-10T19:56:30.664+03:00 DEBUG 13172 --- [Bank] [main] com.bank.BankApplication                 : Running with Spring Boot v3.4.2, Spring v6.2.2
2025-05-10T19:56:30.665+03:00  INFO 13172 --- [Bank] [main] com.bank.BankApplication                 : No active profile set, falling back to 1 default profile: "default"
2025-05-10T19:56:31.657+03:00  INFO 13172 --- [Bank] [main] .s.d.r.c.RepositoryConfigurationDelegate : Bootstrapping Spring Data JPA repositories in DEFAULT mode.
2025-05-10T19:56:31.743+03:00  INFO 13172 --- [Bank] [main] .s.d.r.c.RepositoryConfigurationDelegate : Finished Spring Data repository scanning in 73 ms. Found 5 JPA repository interfaces.
2025-05-10T19:56:32.565+03:00  INFO 13172 --- [Bank] [main] o.s.b.w.embedded.tomcat.TomcatWebServer  : Tomcat initialized with port 8080 (http)
2025-05-10T19:56:32.585+03:00  INFO 13172 --- [Bank] [main] o.apache.catalina.core.StandardService   : Starting service [Tomcat]
2025-05-10T19:56:32.585+03:00  INFO 13172 --- [Bank] [main] o.apache.catalina.core.StandardEngine    : Starting Servlet engine: [Apache Tomcat/10.1.34]
2025-05-10T19:56:32.642+03:00  INFO 13172 --- [Bank] [main] o.a.c.c.C.[Tomcat].[localhost].[/]       : Initializing Spring embedded WebApplicationContext
2025-05-10T19:56:32.643+03:00  INFO 13172 --- [Bank] [main] w.s.c.ServletWebServerApplicationContext : Root WebApplicationContext: initialization completed in 1897 ms
2025-05-10T19:56:32.842+03:00  INFO 13172 --- [Bank] [main] o.hibernate.jpa.internal.util.LogHelper  : HHH000204: Processing PersistenceUnitInfo [name: default]
2025-05-10T19:56:32.933+03:00  INFO 13172 --- [Bank] [main] org.hibernate.Version                    : HHH000412: Hibernate ORM core version 6.6.5.Final
2025-05-10T19:56:32.983+03:00  INFO 13172 --- [Bank] [main] o.h.c.internal.RegionFactoryInitiator    : HHH000026: Second-level cache disabled
2025-05-10T19:56:33.310+03:00  INFO 13172 --- [Bank] [main] o.s.o.j.p.SpringPersistenceUnitInfo      : No LoadTimeWeaver setup: ignoring JPA class transformer
2025-05-10T19:56:33.344+03:00  INFO 13172 --- [Bank] [main] com.zaxxer.hikari.HikariDataSource       : HikariPool-1 - Starting...
2025-05-10T19:56:33.593+03:00  INFO 13172 --- [Bank] [main] com.zaxxer.hikari.pool.HikariPool        : HikariPool-1 - Added connection org.postgresql.jdbc.PgConnection@2211b44f
2025-05-10T19:56:33.595+03:00  INFO 13172 --- [Bank] [main] com.zaxxer.hikari.HikariDataSource       : HikariPool-1 - Start completed.
2025-05-10T19:56:33.649+03:00  WARN 13172 --- [Bank] [main] org.hibernate.orm.deprecation            : HHH90000025: PostgreSQLDialect does not need to be specified explicitly using 'hibernate.dialect' (remove the property setting and it will be selected by default)
2025-05-10T19:56:33.669+03:00  INFO 13172 --- [Bank] [main] org.hibernate.orm.connections.pooling    : HHH10001005: Database info:
2025-05-10T19:56:34.647+03:00  INFO 13172 --- [Bank] [main] o.h.e.t.j.p.i.JtaPlatformInitiator       : HHH000489: No JTA platform available (set 'hibernate.transaction.jta.platform' to enable JTA platform integration)
2025-05-10T19:56:35.023+03:00  INFO 13172 --- [Bank] [main] j.LocalContainerEntityManagerFactoryBean : Initialized JPA EntityManagerFactory for persistence unit 'default'
2025-05-10T19:56:35.476+03:00  INFO 13172 --- [Bank] [main] o.s.d.j.r.query.QueryEnhancerFactory     : Hibernate is in classpath; If applicable, HQL parser will be used.
2025-05-10T19:56:36.734+03:00  WARN 13172 --- [Bank] [main] JpaBaseConfiguration$JpaWebConfiguration : spring.jpa.open-in-view is enabled by default. Therefore, database queries may be performed during view rendering. Explicitly configure spring.jpa.open-in-view to disable this warning
2025-05-10T19:56:36.807+03:00  INFO 13172 --- [Bank] [main] o.s.v.b.OptionalValidatorFactoryBean     : Failed to set up a Bean Validation provider: jakarta.validation.NoProviderFoundException: Unable to create a Configuration, because no Jakarta Bean Validation provider could be found. Add a provider like Hibernate Validator (RI) to your classpath.
2025-05-10T19:56:37.490+03:00  INFO 13172 --- [Bank] [main] o.s.b.w.embedded.tomcat.TomcatWebServer  : Tomcat started on port 8080 (http) with context path '/'
2025-05-10T19:56:37.501+03:00  INFO 13172 --- [Bank] [main] com.bank.BankApplication                 : Started BankApplication in 7.429 seconds (process running for 9.389)
2025-05-10T19:56:54.794+03:00  INFO 13172 --- [Bank] [http-nio-8080-exec-1] o.a.c.c.C.[Tomcat].[localhost].[/]       : Initializing Spring DispatcherServlet 'dispatcherServlet'
2025-05-10T19:56:54.794+03:00  INFO 13172 --- [Bank] [http-nio-8080-exec-1] o.s.web.servlet.DispatcherServlet        : Initializing Servlet 'dispatcherServlet'
2025-05-10T19:56:54.796+03:00  INFO 13172 --- [Bank] [http-nio-8080-exec-1] o.s.web.servlet.DispatcherServlet        : Completed initialization in 1 ms
2025-05-10T19:56:58.032+03:00  INFO 13172 --- [Bank] [http-nio-8080-exec-9] o.springdoc.api.AbstractOpenApiResource  : Init duration for springdoc-openapi is: 1969 ms
2025-05-10T19:59:59.534+03:00  INFO 13172 --- [Bank] [http-nio-8080-exec-3] com.bank.aspect.LoggingAspect            : Executing method: LogController.generateLogFile(..)
2025-05-10T19:59:59.537+03:00  INFO 13172 --- [Bank] [http-nio-8080-exec-3] com.bank.service.impl.LogServiceImpl     : Начало обработки задачи cfc0c4c5-ece1-445a-9036-ff06e61b5cad
2025-05-10T19:59:59.538+03:00  INFO 13172 --- [Bank] [http-nio-8080-exec-3] com.bank.service.impl.LogServiceImpl     : Task cfc0c4c5-ece1-445a-9036-ff06e61b5cad - Reading logs started
2025-05-10T20:00:02.539+03:00  INFO 13172 --- [Bank] [http-nio-8080-exec-3] com.bank.service.impl.LogServiceImpl     : Task cfc0c4c5-ece1-445a-9036-ff06e61b5cad - Filtering started