2025-05-14T19:30:47.978+03:00  INFO 15860 --- [Bank] [main] com.bank.BankApplication                 : Starting BankApplication using Java 23.0.2 with PID 15860 (D:\Coding\Java\Bank\target\classes started by SAFA in D:\Coding\Java\Bank)
2025-05-14T19:30:47.982+03:00 DEBUG 15860 --- [Bank] [main] com.bank.BankApplication                 : Running with Spring Boot v3.4.2, Spring v6.2.2
2025-05-14T19:30:47.983+03:00  INFO 15860 --- [Bank] [main] com.bank.BankApplication                 : No active profile set, falling back to 1 default profile: "default"
2025-05-14T19:30:48.866+03:00  INFO 15860 --- [Bank] [main] .s.d.r.c.RepositoryConfigurationDelegate : Bootstrapping Spring Data JPA repositories in DEFAULT mode.
2025-05-14T19:30:48.932+03:00  INFO 15860 --- [Bank] [main] .s.d.r.c.RepositoryConfigurationDelegate : Finished Spring Data repository scanning in 57 ms. Found 5 JPA repository interfaces.
2025-05-14T19:30:49.687+03:00  INFO 15860 --- [Bank] [main] o.s.b.w.embedded.tomcat.TomcatWebServer  : Tomcat initialized with port 8080 (http)
2025-05-14T19:30:49.701+03:00  INFO 15860 --- [Bank] [main] o.apache.catalina.core.StandardService   : Starting service [Tomcat]
2025-05-14T19:30:49.701+03:00  INFO 15860 --- [Bank] [main] o.apache.catalina.core.StandardEngine    : Starting Servlet engine: [Apache Tomcat/10.1.34]
2025-05-14T19:30:49.757+03:00  INFO 15860 --- [Bank] [main] o.a.c.c.C.[Tomcat].[localhost].[/]       : Initializing Spring embedded WebApplicationContext
2025-05-14T19:30:49.757+03:00  INFO 15860 --- [Bank] [main] w.s.c.ServletWebServerApplicationContext : Root WebApplicationContext: initialization completed in 1700 ms
2025-05-14T19:30:49.943+03:00  INFO 15860 --- [Bank] [main] o.hibernate.jpa.internal.util.LogHelper  : HHH000204: Processing PersistenceUnitInfo [name: default]
2025-05-14T19:30:50.165+03:00  INFO 15860 --- [Bank] [main] org.hibernate.Version                    : HHH000412: Hibernate ORM core version 6.6.5.Final
2025-05-14T19:30:50.274+03:00  INFO 15860 --- [Bank] [main] o.h.c.internal.RegionFactoryInitiator    : HHH000026: Second-level cache disabled
2025-05-14T19:30:51.126+03:00  INFO 15860 --- [Bank] [main] o.s.o.j.p.SpringPersistenceUnitInfo      : No LoadTimeWeaver setup: ignoring JPA class transformer
2025-05-14T19:30:51.314+03:00  INFO 15860 --- [Bank] [main] com.zaxxer.hikari.HikariDataSource       : HikariPool-1 - Starting...
2025-05-14T19:30:51.866+03:00  INFO 15860 --- [Bank] [main] com.zaxxer.hikari.pool.HikariPool        : HikariPool-1 - Added connection org.postgresql.jdbc.PgConnection@6728370a
2025-05-14T19:30:51.870+03:00  INFO 15860 --- [Bank] [main] com.zaxxer.hikari.HikariDataSource       : HikariPool-1 - Start completed.
2025-05-14T19:30:52.039+03:00  WARN 15860 --- [Bank] [main] org.hibernate.orm.deprecation            : HHH90000025: PostgreSQLDialect does not need to be specified explicitly using 'hibernate.dialect' (remove the property setting and it will be selected by default)
2025-05-14T19:30:52.087+03:00  INFO 15860 --- [Bank] [main] org.hibernate.orm.connections.pooling    : HHH10001005: Database info:
2025-05-14T19:30:54.047+03:00  INFO 15860 --- [Bank] [main] o.h.e.t.j.p.i.JtaPlatformInitiator       : HHH000489: No JTA platform available (set 'hibernate.transaction.jta.platform' to enable JTA platform integration)
2025-05-14T19:30:54.724+03:00  INFO 15860 --- [Bank] [main] j.LocalContainerEntityManagerFactoryBean : Initialized JPA EntityManagerFactory for persistence unit 'default'
2025-05-14T19:30:55.755+03:00  INFO 15860 --- [Bank] [main] o.s.d.j.r.query.QueryEnhancerFactory     : Hibernate is in classpath; If applicable, HQL parser will be used.
2025-05-14T19:30:58.233+03:00  WARN 15860 --- [Bank] [main] JpaBaseConfiguration$JpaWebConfiguration : spring.jpa.open-in-view is enabled by default. Therefore, database queries may be performed during view rendering. Explicitly configure spring.jpa.open-in-view to disable this warning
2025-05-14T19:30:58.482+03:00  INFO 15860 --- [Bank] [main] o.s.v.b.OptionalValidatorFactoryBean     : Failed to set up a Bean Validation provider: jakarta.validation.NoProviderFoundException: Unable to create a Configuration, because no Jakarta Bean Validation provider could be found. Add a provider like Hibernate Validator (RI) to your classpath.
2025-05-14T19:31:01.044+03:00  INFO 15860 --- [Bank] [main] o.s.b.w.embedded.tomcat.TomcatWebServer  : Tomcat started on port 8080 (http) with context path '/'
2025-05-14T19:31:01.131+03:00  INFO 15860 --- [Bank] [main] com.bank.BankApplication                 : Started BankApplication in 13.697 seconds (process running for 19.165)
2025-05-14T19:31:01.331+03:00  INFO 15860 --- [Bank] [http-nio-8080-exec-4] o.a.c.c.C.[Tomcat].[localhost].[/]       : Initializing Spring DispatcherServlet 'dispatcherServlet'
2025-05-14T19:31:01.334+03:00  INFO 15860 --- [Bank] [http-nio-8080-exec-4] o.s.web.servlet.DispatcherServlet        : Initializing Servlet 'dispatcherServlet'
2025-05-14T19:31:01.339+03:00  INFO 15860 --- [Bank] [http-nio-8080-exec-4] o.s.web.servlet.DispatcherServlet        : Completed initialization in 1 ms
2025-05-14T19:31:06.448+03:00  INFO 15860 --- [Bank] [http-nio-8080-exec-8] o.springdoc.api.AbstractOpenApiResource  : Init duration for springdoc-openapi is: 3836 ms
2025-05-14T19:31:44.502+03:00  INFO 15860 --- [Bank] [http-nio-8080-exec-10] com.bank.aspect.LoggingAspect            : Executing method: LogController.generateLogFile(..)
2025-05-14T19:31:44.505+03:00  INFO 15860 --- [Bank] [http-nio-8080-exec-10] com.bank.service.impl.LogServiceImpl     : Создана новая задача 901a3cc5-2124-48c0-8482-c186cfcace34 для даты 2025-05-14
2025-05-14T19:31:44.505+03:00  INFO 15860 --- [Bank] [http-nio-8080-exec-10] com.bank.aspect.LoggingAspect            : Method LogController.generateLogFile(..) executed successfully. Result: {taskId=901a3cc5-2124-48c0-8482-c186cfcace34}
2025-05-14T19:32:00.330+03:00  INFO 15860 --- [Bank] [http-nio-8080-exec-9] com.bank.aspect.LoggingAspect            : Executing method: LogController.getTaskStatus(..)
2025-05-14T19:32:00.334+03:00  INFO 15860 --- [Bank] [http-nio-8080-exec-9] com.bank.service.impl.LogServiceImpl     : Задача 901a3cc5-2124-48c0-8482-c186cfcace34 - ожидание 5 секунд перед обработкой
2025-05-14T19:32:05.340+03:00  INFO 15860 --- [Bank] [http-nio-8080-exec-9] com.bank.service.impl.LogServiceImpl     : Задача 901a3cc5-2124-48c0-8482-c186cfcace34 - статус изменен на PROCESSING: Reading logs
2025-05-14T19:32:07.347+03:00  INFO 15860 --- [Bank] [http-nio-8080-exec-9] com.bank.service.impl.LogServiceImpl     : Задача 901a3cc5-2124-48c0-8482-c186cfcace34 - статус изменен на PROCESSING: Filtering logs
2025-05-14T19:32:08.900+03:00  INFO 15860 --- [Bank] [http-nio-8080-exec-6] com.bank.aspect.LoggingAspect            : Executing method: LogController.downloadLogFile(..)
2025-05-14T19:32:08.906+03:00  INFO 15860 --- [Bank] [http-nio-8080-exec-6] com.bank.aspect.LoggingAspect            : Method LogController.downloadLogFile(..) executed successfully. Result: <404 NOT_FOUND Not Found,[]>